res-hpc-gpu01.researchlumc.nl
Running on hosts: res-hpc-gpu01
Running on 1 nodes.
Running 24 tasks.
Account: div4-me
Job ID: 16994408
Job name: hg02MAMnetDt24
Node running script: res-hpc-gpu01
optional parameter settigns:
threads 24 -step=50 
{'bamfilepath': '/exports/sascstudent/ltiling/LUMC/bamData/HG002_GRCh38_ONT-UL_UCSC_20200508.phased.filter256.md.bam', 'workdir': 'workdir/', 'outputpath': 'results/HG002_GRCh38_MAMnet_256Dt24.vcf', 'threads': 24, 'step': 50}
step set to  50
Process number limit to  24
WorkDir  workdir/
MINSIZE set to  10000000
working on contig =  chr1 0 10000000
working on contig =  chr1 10000000 20000000
working on contig =  chr1 20000000 30000000
working on contig =  chr1 30000000 40000000
working on contig =  chr1 40000000 50000000
working on contig =  chr1 50000000 60000000
working on contig =  chr1 60000000 70000000
working on contig =  chr1 70000000 80000000
working on contig =  chr1 80000000 90000000
working on contig =  chr1 90000000 100000000
working on contig =  chr1 100000000 110000000
working on contig =  chr1 110000000 120000000
working on contig =  chr1 120000000 130000000
working on contig =  chr1 130000000 140000000
working on contig =  chr1 140000000 150000000
working on contig =  chr1 150000000 160000000
working on contig =  chr1 160000000 170000000
working on contig =  chr1 170000000 180000000
working on contig =  chr1 180000000 190000000
working on contig =  chr1 190000000 200000000
working on contig =  chr1 200000000 210000000
working on contig =  chr1 210000000 220000000
working on contig =  chr1 220000000 230000000
working on contig =  chr1 230000000 240000000
depth =  48
working on contig =  chr1 240000000 250000000
chr1:179860811:190000611saved
chr1:229820861:240006661saved
chr1:89922580:100000980saved
chr1:99858626:110001426saved
chr1:59834714:70137114saved
chr1:159855857:170015057saved
chr1:209877450:220012050saved
chr1:39815018:50001418saved
working on contig =  chr2 0 10000000
working on contig =  chr2 10000000 20000000
working on contig =  chr2 20000000 30000000
working on contig =  chr2 30000000 40000000
working on contig =  chr2 40000000 50000000
working on contig =  chr2 50000000 60000000
working on contig =  chr2 60000000 70000000
working on contig =  chr2 70000000 80000000
chr1:69830097:80004297saved
chr1:29859466:40002266saved
chr1:79901827:90022227saved
chr1:239909464:248946464saved
chr1:9867178:20001578saved
chr1:189816794:200008994saved
chr1:219847802:230005802saved
chr1:10000:10016600saved
chr1:49900279:60018479saved
chr1:199915213:210004613saved
chr1:109895578:120006978saved
working on contig =  chr2 80000000 90000000
working on contig =  chr2 90000000 100000000
working on contig =  chr2 100000000 110000000
working on contig =  chr2 110000000 120000000
working on contig =  chr2 120000000 130000000
working on contig =  chr2 130000000 140000000
working on contig =  chr2 140000000 150000000
working on contig =  chr2 150000000 160000000
working on contig =  chr2 160000000 170000000
working on contig =  chr2 170000000 180000000
working on contig =  chr2 180000000 190000000
chr1:169814545:180004945saved
chr1:149888021:160000621saved
chr1:119857601:125184601saved
chr1:19861734:30006134saved
working on contig =  chr2 190000000 200000000
working on contig =  chr2 200000000 210000000
working on contig =  chr2 210000000 220000000
working on contig =  chr2 220000000 230000000
chr1:143184587:149999787saved
working on contig =  chr2 230000000 240000000
chr2:219892253:229999853saved
working on contig =  chr2 240000000 250000000
chr2:189882098:200007498saved
working on contig =  chr3 0 10000000
chr2:109975576:120012176saved
chr2:179829895:190001495saved
working on contig =  chr3 10000000 20000000
working on contig =  chr3 20000000 30000000
chr2:239896517:242183517saved
working on contig =  chr3 30000000 40000000
chr2:69848285:80052285saved
working on contig =  chr3 40000000 50000000
chr2:79898218:90011618saved
chr2:139841653:150007453saved
working on contig =  chr3 50000000 60000000
working on contig =  chr3 60000000 70000000
chr2:9870570:20010370saved
chr2:49896797:60000597saved
working on contig =  chr3 70000000 80000000
working on contig =  chr3 80000000 90000000
chr2:149883749:160001349saved
chr2:99844166:110063766saved
working on contig =  chr3 90000000 100000000
working on contig =  chr3 100000000 110000000
chr2:159896542:170001142saved
chr2:89835184:100074784saved
working on contig =  chr3 110000000 120000000
chr2:59877452:70126452saved
chr2:119854252:130149252saved
chr2:209877484:220020284saved
working on contig =  chr3 120000000 130000000
chr2:39845615:49999415saved
working on contig =  chr3 130000000 140000000
working on contig =  chr3 140000000 150000000
working on contig =  chr3 150000000 160000000
chr2:29908766:40084766saved
working on contig =  chr3 160000000 170000000
chr2:129870259:140056459saved
chr2:10005:10063005saved
chr2:199816342:210009542saved
working on contig =  chr3 170000000 180000000
working on contig =  chr3 180000000 190000000
working on contig =  chr3 190000000 200000000
working on contig =  chr4 0 10000000
chr2:169877452:180003852saved
working on contig =  chr4 10000000 20000000
chr2:19839216:30007816saved
working on contig =  chr4 20000000 30000000
chr2:229886784:240095784saved
working on contig =  chr4 30000000 40000000
chr3:10000:10000200saved
working on contig =  chr4 40000000 50000000
chr3:19928717:30032317saved
working on contig =  chr4 50000000 60000000
chr3:9873374:20005774saved
working on contig =  chr4 60000000 70000000
chr3:59879905:70000505saved
working on contig =  chr4 70000000 80000000
chr3:79904282:90004882saved
working on contig =  chr4 80000000 90000000
chr3:29905467:40001667saved
working on contig =  chr4 90000000 100000000
chr3:189892497:198235097saved
working on contig =  chr4 100000000 110000000
chr3:159883772:170007172saved
working on contig =  chr4 110000000 120000000
chr3:69873281:80005481saved
working on contig =  chr4 120000000 130000000
chr3:99791131:109999531saved
chr4:19863410:30000410saved
working on contig =  chr4 130000000 140000000
working on contig =  chr4 140000000 150000000
chr3:109838093:120001693saved
working on contig =  chr4 150000000 160000000
chr4:29925995:40005995saved
working on contig =  chr4 160000000 170000000
chr4:9880873:20003273saved
working on contig =  chr4 170000000 180000000
chr3:169901402:180008002saved
chr3:179856597:190014597saved
chr3:149915007:159999807saved
chr3:89853195:100012395saved
working on contig =  chr4 180000000 190000000
working on contig =  chr4 190000000 200000000
working on contig =  chr5 0 10000000
working on contig =  chr5 10000000 20000000
chr3:139892780:150000380saved
working on contig =  chr5 20000000 30000000
chr3:129896078:140004078saved
chr3:49887682:60005682saved
chr3:39877453:50026453saved
working on contig =  chr5 30000000 40000000
working on contig =  chr5 40000000 50000000
working on contig =  chr5 50000000 60000000
chr3:119884096:130001096saved
working on contig =  chr5 60000000 70000000
chr4:10000:10003800saved
working on contig =  chr5 70000000 80000000
chr4:189854709:190204509saved
working on contig =  chr5 80000000 90000000
chr4:49907097:60002897saved
working on contig =  chr5 90000000 100000000
chr4:59891588:70004588saved
working on contig =  chr5 100000000 110000000
chr4:39861768:50043968saved
working on contig =  chr5 110000000 120000000
chr4:69808068:80017468saved
working on contig =  chr5 120000000 130000000
chr4:79868734:90004134saved
working on contig =  chr5 130000000 140000000
chr4:89851488:100001888saved
working on contig =  chr5 140000000 150000000
chr4:99868677:110027677saved
working on contig =  chr5 150000000 160000000
chr4:109847910:120002710saved
working on contig =  chr5 160000000 170000000
chr4:119883313:130009913saved
working on contig =  chr5 170000000 180000000
chr5:39885853:50056253saved
working on contig =  chr5 180000000 190000000
chr4:129884916:140006716saved
working on contig =  chr6 0 10000000
chr4:139926560:150006160saved
working on contig =  chr6 10000000 20000000
chr5:179813567:181478367saved
working on contig =  chr6 20000000 30000000
chr4:149908786:160001186saved
working on contig =  chr6 30000000 40000000
chr5:19910683:30000283saved
working on contig =  chr6 40000000 50000000
chr4:159902642:170064642saved
working on contig =  chr6 50000000 60000000
chr4:169861745:180007345saved
working on contig =  chr6 60000000 70000000
chr4:179899133:190000133saved
working on contig =  chr6 70000000 80000000
chr5:10000:10004800saved
chr5:59889671:70010071saved
working on contig =  chr6 80000000 90000000
chr5:49838496:60008696saved
working on contig =  chr6 90000000 100000000
working on contig =  chr6 100000000 110000000
chr5:79874061:90002461saved
working on contig =  chr6 110000000 120000000
chr5:69907585:80007385saved
chr5:89852195:100002595saved
working on contig =  chr6 120000000 130000000
working on contig =  chr6 130000000 140000000
chr5:109871889:120017889saved
chr5:29862497:40009897saved
working on contig =  chr6 140000000 150000000
working on contig =  chr6 150000000 160000000
chr5:99879778:110002178saved
chr5:9841112:20045512saved
working on contig =  chr6 160000000 170000000
working on contig =  chr6 170000000 180000000
chr5:119884625:130111025saved
working on contig =  chr7 0 10000000
chr5:129842916:140002716saved
working on contig =  chr7 10000000 20000000
chr5:139888342:150004942saved
working on contig =  chr7 20000000 30000000
chr5:159891654:170012254saved
working on contig =  chr7 30000000 40000000
chr6:169896882:170744682saved
working on contig =  chr7 40000000 50000000
chr5:149896028:160012228saved
working on contig =  chr7 50000000 60000000
chr5:169879822:180001822saved
working on contig =  chr7 60000000 70000000
chr6:62464:10006664saved
working on contig =  chr7 70000000 80000000
chr6:9756530:20013130saved
working on contig =  chr7 80000000 90000000
chr6:19830999:30000999saved
working on contig =  chr7 90000000 100000000
chr6:60229934:70005334saved
working on contig =  chr7 100000000 110000000
chr6:39847556:50000156saved
working on contig =  chr7 110000000 120000000
chr6:29881575:40000575saved
working on contig =  chr7 120000000 130000000
chr6:89890400:100124000saved
working on contig =  chr7 130000000 140000000
chr6:69888259:80037859saved
working on contig =  chr7 140000000 150000000
chr6:79853116:90010316saved
working on contig =  chr7 150000000 160000000
chr6:99845879:110004879saved
working on contig =  chrX 0 10000000
chr6:109879180:120000380saved
working on contig =  chrX 10000000 20000000
chr6:119922787:130134787saved
working on contig =  chrX 20000000 30000000
chr6:129855592:140013192saved
working on contig =  chrX 30000000 40000000
chr6:49858416:59829616saved
working on contig =  chrX 40000000 50000000
chr6:139869630:150001430saved
working on contig =  chrX 50000000 60000000
chr7:9926948:20012348saved
working on contig =  chrX 60000000 70000000
chr6:149876127:160005727saved
working on contig =  chrX 70000000 80000000
chr6:159851907:170000707saved
working on contig =  chrX 80000000 90000000
chr7:10238:10011438saved
working on contig =  chrX 90000000 100000000
chr7:49849185:60016585saved
working on contig =  chrX 100000000 110000000
chr7:19878843:29999843saved
working on contig =  chrX 110000000 120000000
chr7:39860842:50000842saved
working on contig =  chrX 120000000 130000000
chrX:10000:10011600saved
working on contig =  chrX 130000000 140000000
chr7:29827501:40019101saved
chr7:59981898:70002698saved
working on contig =  chrX 140000000 150000000
working on contig =  chrX 150000000 160000000
chrX:9891765:20049765saved
working on contig =  chr8 0 10000000
chr7:69870200:80000800saved
chrX:19896979:30002779saved
chr7:79903734:90002934saved
working on contig =  chr8 10000000 20000000
working on contig =  chr8 20000000 30000000
working on contig =  chr8 30000000 40000000
chr7:89813129:100002529saved
working on contig =  chr8 40000000 50000000
chrX:29895975:40003175saved
working on contig =  chr8 50000000 60000000
chrX:39870728:50001528saved
working on contig =  chr8 60000000 70000000
chr7:109862971:120001171saved
working on contig =  chr8 70000000 80000000
chr7:129870305:140002305saved
chr7:99895299:110066299saved
working on contig =  chr8 80000000 90000000
working on contig =  chr8 90000000 100000000
chrX:49918809:60000009saved
working on contig =  chr8 100000000 110000000
chr7:119878720:130010320saved
working on contig =  chr8 110000000 120000000
chrX:59973887:70003087saved
working on contig =  chr8 120000000 130000000
chrX:79882544:90002544saved
working on contig =  chr8 130000000 140000000
chrX:69845809:80087209saved
working on contig =  chr8 140000000 150000000
chr7:139919019:150015219saved
chrX:89941565:100003765saved
working on contig =  chr9 0 10000000
working on contig =  chr9 10000000 20000000
chr7:149915872:159335872saved
working on contig =  chr9 20000000 30000000
chrX:99891199:110043599saved
working on contig =  chr9 30000000 40000000
chrX:119854628:129999228saved
chrX:109867701:120003701saved
working on contig =  chr9 40000000 50000000
working on contig =  chr9 50000000 60000000
chrX:149942965:156030365saved
working on contig =  chr9 60000000 70000000
working on contig =  chr9 70000000 80000000
chrX:129871186:140019986saved
working on contig =  chr9 80000000 90000000
chrX:139910291:150001491saved
working on contig =  chr9 90000000 100000000
chr8:139890957:145075957saved
working on contig =  chr9 100000000 110000000
chr9:39884922:45518522saved
working on contig =  chr9 110000000 120000000
chr8:62059:10014859saved
working on contig =  chr9 120000000 130000000
chr8:29904280:40005880saved
working on contig =  chr9 130000000 140000000
chr8:19873848:30002248saved
chr8:9844180:20070180saved
working on contig =  chr11 0 10000000
working on contig =  chr11 10000000 20000000
chr9:60518558:70001558saved
working on contig =  chr11 20000000 30000000
chr8:49886782:60004382saved
working on contig =  chr11 30000000 40000000
chr8:69855699:80001299saved
working on contig =  chr11 40000000 50000000
chr8:39913374:50121974saved
chr8:99824462:110003662saved
working on contig =  chr11 50000000 60000000
working on contig =  chr11 60000000 70000000
chr8:59872416:70010616saved
chr8:119882317:130000917saved
working on contig =  chr11 70000000 80000000
working on contig =  chr11 80000000 90000000
chr8:89871630:100001030saved
chr8:109866071:120002671saved
chr8:129876125:140006325saved
chr9:19895870:30001070saved
working on contig =  chr11 90000000 100000000
working on contig =  chr11 100000000 110000000
working on contig =  chr11 110000000 120000000
working on contig =  chr11 120000000 130000000
chr9:69849439:80146439saved
chr8:79926710:90004110saved
working on contig =  chr11 130000000 140000000
working on contig =  chr10 0 10000000
chr9:9866109:20000709saved
working on contig =  chr10 10000000 20000000
chr9:29893233:40008633saved
working on contig =  chr10 20000000 30000000
chr9:99882026:110001226saved
working on contig =  chr10 30000000 40000000
chr9:79888267:90001067saved
chr9:10000:10003200saved
working on contig =  chr10 40000000 50000000
working on contig =  chr10 50000000 60000000
chr9:89857337:100060137saved
working on contig =  chr10 60000000 70000000
chr9:109897879:120000679saved
working on contig =  chr10 70000000 80000000
chr9:129860140:138334740saved
working on contig =  chr10 80000000 90000000
chr9:119901799:130001999saved
working on contig =  chr10 90000000 100000000
chr11:129890469:135076069saved
working on contig =  chr10 100000000 110000000
chr11:19903705:30000705saved
working on contig =  chr10 110000000 120000000
chr11:60372:10025972saved
working on contig =  chr10 120000000 130000000
chr11:29865707:40017907saved
working on contig =  chr10 130000000 140000000
chr11:9861966:19999966saved
working on contig =  chr12 0 10000000
chr11:39869975:50016775saved
working on contig =  chr12 10000000 20000000
chr11:109858861:120079461saved
working on contig =  chr12 20000000 30000000
chr11:119777056:130006856saved
working on contig =  chr12 30000000 40000000
chr11:89853342:100019942saved
chr11:49891415:60007815saved
working on contig =  chr12 40000000 50000000
working on contig =  chr12 50000000 60000000
chr10:49896382:60052982saved
working on contig =  chr12 60000000 70000000
chr10:19825512:30015912saved
working on contig =  chr12 70000000 80000000
chr11:79876921:90008721saved
working on contig =  chr12 80000000 90000000
chr10:129933276:133787476saved
chr11:99875495:110003895saved
working on contig =  chr12 90000000 100000000
working on contig =  chr12 100000000 110000000
chr10:89859839:100007639saved
working on contig =  chr12 110000000 120000000
chr10:10725:10001925saved
chr10:29918845:40000245saved
chr11:69901988:80033788saved
working on contig =  chr12 120000000 130000000
working on contig =  chr12 130000000 140000000
working on contig =  chr13 0 10000000
working on contig =  chr13 10000000 20000000
chr10:59842596:70007396saved
chr11:59851251:70014451saved
working on contig =  chr13 20000000 30000000
working on contig =  chr13 30000000 40000000
chr10:69884878:80015078saved
chr10:79877220:90077820saved
working on contig =  chr13 40000000 50000000
working on contig =  chr13 50000000 60000000
chr10:9871145:20002545saved
working on contig =  chr13 60000000 70000000
chr10:99860139:110008739saved
working on contig =  chr13 70000000 80000000
chr10:109885981:120006581saved
working on contig =  chr13 80000000 90000000
chr10:119895581:130078581saved
working on contig =  chr13 90000000 100000000
chr12:10000:10000400saved
working on contig =  chr13 100000000 110000000
chr10:39935282:50008082saved
working on contig =  chr13 110000000 120000000
chr12:129893352:133265352saved
working on contig =  chr14 0 10000000
working on contig =  chr14 10000000 20000000
chr12:9896383:20052183saved
working on contig =  chr14 20000000 30000000
chr12:19878152:30005552saved
working on contig =  chr14 30000000 40000000
chr13:109901389:114353989saved
working on contig =  chr14 40000000 50000000
chr14:16023015:20013015saved
working on contig =  chr14 50000000 60000000
chr13:16000000:20005400saved
working on contig =  chr14 60000000 70000000
chr12:39866706:50002106saved
working on contig =  chr14 70000000 80000000
chr12:59898317:70034717saved
chr12:69913980:80025780saved
working on contig =  chr14 80000000 90000000
working on contig =  chr14 90000000 100000000
chr12:29907496:40001496saved
chr12:79828201:90009601saved
working on contig =  chr14 100000000 110000000
working on contig =  chr15 0 10000000
working on contig =  chr15 10000000 20000000
chr12:49816845:60072045saved
working on contig =  chr15 20000000 30000000
chr13:59890902:70022502saved
working on contig =  chr15 30000000 40000000
chr13:79883114:90059714saved
chr13:19838568:30003968saved
working on contig =  chr15 40000000 50000000
working on contig =  chr15 50000000 60000000
chr13:49886598:60073598saved
chr12:89878432:100011032saved
chr12:99889072:110002272saved
working on contig =  chr15 60000000 70000000
working on contig =  chr15 70000000 80000000
working on contig =  chr15 80000000 90000000
chr13:29843892:40095292saved
chr13:89920846:100022046saved
chr13:99845223:110004623saved
working on contig =  chr15 90000000 100000000
working on contig =  chr15 100000000 110000000
chr13:39877213:50001213saved
working on contig =  chr16 0 10000000
chr13:69840763:80000963saved
chr12:119819467:130018867saved
chr12:109877995:120001595saved
working on contig =  chr16 10000000 20000000
working on contig =  chr16 20000000 30000000
working on contig =  chr16 30000000 40000000
working on contig =  chr16 40000000 50000000
chr15:17000000:20000000saved
working on contig =  chr16 50000000 60000000
chr14:19785267:30056467saved
working on contig =  chr16 60000000 70000000
chr14:39835197:50002197saved
chr14:29928208:40001808saved
working on contig =  chr16 70000000 80000000
working on contig =  chr16 80000000 90000000
chr14:49890947:60010547saved
working on contig =  chr16 90000000 100000000
chr16:89904532:90227332saved
working on contig =  chr17 0 10000000
chr15:99876881:101981281saved
working on contig =  chr17 10000000 20000000
chr14:99863735:106883735saved
working on contig =  chr17 20000000 30000000
chr14:59892797:70010797saved
working on contig =  chr17 30000000 40000000
chr14:79900247:90002647saved
working on contig =  chr17 40000000 50000000
chr14:69779781:80043781saved
working on contig =  chr17 50000000 60000000
chr15:19841317:30001317saved
working on contig =  chr17 60000000 70000000
chr14:89898178:100044578saved
working on contig =  chr17 70000000 80000000
chr15:29862473:40049673saved
working on contig =  chr17 80000000 90000000
chr16:29888014:38280814saved
working on contig =  chr18 0 10000000
chr15:49886438:60014638saved
working on contig =  chr18 10000000 20000000
chr15:39779068:50001268saved
working on contig =  chr18 20000000 30000000
chr15:79868387:90090987saved
working on contig =  chr18 30000000 40000000
chr17:79911836:83247436saved
working on contig =  chr18 40000000 50000000
chr15:89884227:100005027saved
chr15:59846585:70001985saved
working on contig =  chr18 50000000 60000000
working on contig =  chr18 60000000 70000000
chr16:69906587:80011587saved
working on contig =  chr18 70000000 80000000
chr16:59839533:70008933saved
working on contig =  chr18 80000000 90000000
chr16:9871294:20000894saved
working on contig =  chr20 0 10000000
chr16:19881135:30006135saved
working on contig =  chr20 10000000 20000000
chr18:79899957:80263357saved
chr16:10000:10015200saved
chr15:69887033:80039033saved
chr16:79875121:90007121saved
working on contig =  chr20 20000000 30000000
working on contig =  chr20 30000000 40000000
working on contig =  chr20 40000000 50000000
working on contig =  chr20 50000000 60000000
chr16:49872866:60006866saved
working on contig =  chr20 60000000 70000000
chr17:60000:10001600saved
working on contig =  chr19 0 10000000
chr17:9873075:20012875saved
working on contig =  chr19 10000000 20000000
chr16:46380682:49999882saved
working on contig =  chr19 20000000 30000000
chr17:19862237:30002437saved
working on contig =  chr19 30000000 40000000
chr17:29853881:40021081saved
working on contig =  chr19 40000000 50000000
chr17:59843738:70054138saved
working on contig =  chr19 50000000 60000000
chr17:49863796:60030196saved
chr17:69907036:80003436saved
working on contig =  chrY 0 10000000
working on contig =  chrY 10000000 20000000
chr17:39850391:50013791saved
working on contig =  chrY 20000000 30000000
chr18:10000:10009400saved
working on contig =  chrY 30000000 40000000
working on contig =  chrY 40000000 50000000
working on contig =  chrY 50000000 60000000
chr18:9881733:20016733saved
working on contig =  chr22 0 10000000
working on contig =  chr22 10000000 20000000
chr18:19989268:30002268saved
working on contig =  chr22 20000000 30000000
chr20:59856792:64333992saved
working on contig =  chr22 30000000 40000000
chrY:19901112:26673112saved
working on contig =  chr22 40000000 50000000
chr18:29789355:40029955saved
working on contig =  chr22 50000000 60000000
chrY:2781479:10013279saved
working on contig =  chr21 0 10000000
chr18:39864088:50016888saved
working on contig =  chr21 10000000 20000000
chr22:49975365:50808565saved
working on contig =  chr21 20000000 30000000
chr18:59886781:70000781saved
working on contig =  chr21 30000000 40000000
chr18:49890963:60008563saved
working on contig =  chr21 40000000 50000000
chr19:19888855:30002055saved
working on contig =  chr16_KI270728v1_random 0 10000000
chr18:69834896:80033696saved
working on contig =  chr15_KI270727v1_random 0 10000000
chr15_KI270727v1_random:0:447800saved
working on contig =  chrUn_KI270442v1 0 10000000
chrY:9905456:20007656saved
working on contig =  chr17_KI270729v1_random 0 10000000
chr20:60000:10036600saved
working on contig =  chr14_GL000225v1_random 0 10000000
chr16_KI270728v1_random:0:1870000saved
working on contig =  chrUn_KI270743v1 0 10000000
chr17_KI270729v1_random:0:281000saved
working on contig =  chr4_GL000008v2_random 0 10000000
chrUn_KI270743v1:0:210400saved
working on contig =  chr14_GL000009v2_random 0 10000000
chr20:49850113:60003513saved
chr20:9910239:20022439saved
chr4_GL000008v2_random:0:208200saved
chrUn_KI270442v1:0:392200saved
chr14_GL000009v2_random:0:201600saved
chr20:39891038:50005438saved
chr19:49879490:58607490saved
chr14_GL000225v1_random:0:210400saved
chrY:56673214:56888014saved
chr20:29884964:40003964saved
chr19:9872939:20032939saved
chr21:39908216:46700016saved
chr19:29885347:40002947saved
chr19:60000:10008400saved
chr19:39877713:50004113saved
chr22:19875971:30001571saved
chr21:19842994:30018594saved
chr20:19879975:30013375saved
chr21:9868772:20100972saved
chr22:39906909:50003309saved
chr22:29818786:40004386saved
chr21:29869601:40000601saved
chr21:5010181:10024781saved
chr22:10510000:20006200saved
call sv start
step  50
model load complete
model_genotype loaded
Predict on chr1 89922580 100000980
chr1 89922580 100000980 completed True 1/24
Predict on chr1 19861734 30006134
chr1 19861734 30006134 completed True 2/24
Predict on chr1 109895578 120006978
chr1 109895578 120006978 completed True 3/24
Predict on chr1 239909464 248946464
chr1 239909464 248946464 completed True 4/24
Predict on chr1 39815018 50001418
chr1 39815018 50001418 completed True 5/24
Predict on chr1 149888021 160000621
chr1 149888021 160000621 completed True 6/24
Predict on chr1 49900279 60018479
chr1 49900279 60018479 completed True 7/24
Predict on chr1 179860811 190000611
chr1 179860811 190000611 completed True 8/24
Predict on chr1 79901827 90022227
chr1 79901827 90022227 completed True 9/24
Predict on chr1 189816794 200008994
chr1 189816794 200008994 completed True 10/24
Predict on chr1 143184587 149999787
chr1 143184587 149999787 completed True 11/24
Predict on chr1 29859466 40002266
chr1 29859466 40002266 completed True 12/24
Predict on chr1 10000 10016600
chr1 10000 10016600 completed True 13/24
Predict on chr1 159855857 170015057
chr1 159855857 170015057 completed True 14/24
Predict on chr1 169814545 180004945
chr1 169814545 180004945 completed True 15/24
Predict on chr1 59834714 70137114
chr1 59834714 70137114 completed True 16/24
Predict on chr1 119857601 125184601
chr1 119857601 125184601 completed True 17/24
Predict on chr1 219847802 230005802
chr1 219847802 230005802 completed True 18/24
Predict on chr1 229820861 240006661
chr1 229820861 240006661 completed True 19/24
Predict on chr1 199915213 210004613
chr1 199915213 210004613 completed True 20/24
Predict on chr1 9867178 20001578
chr1 9867178 20001578 completed True 21/25
Predict on chr2 219892253 229999853
chr2 219892253 229999853 completed True 22/42
Predict on chr2 239896517 242183517
chr2 239896517 242183517 completed True 23/49
Predict on chr2 149883749 160001349
chr2 149883749 160001349 completed True 24/49
Predict on chr2 19839216 30007816
chr2 19839216 30007816 completed True 25/49
Predict on chr2 209877484 220020284
chr2 209877484 220020284 completed True 26/49
Predict on chr2 199816342 210009542
chr2 199816342 210009542 completed True 27/49
Predict on chr2 169877452 180003852
chr2 169877452 180003852 completed True 28/49
Predict on chr2 229886784 240095784
chr2 229886784 240095784 completed True 29/49
Predict on chr2 159896542 170001142
chr2 159896542 170001142 completed True 30/49
Predict on chr2 119854252 130149252
chr2 119854252 130149252 completed True 31/49
Predict on chr2 9870570 20010370
chr2 9870570 20010370 completed True 32/49
Predict on chr2 139841653 150007453
chr2 139841653 150007453 completed True 33/49
Predict on chr2 79898218 90011618
chr2 79898218 90011618 completed True 34/49
Predict on chr2 109975576 120012176
chr2 109975576 120012176 completed True 35/49
Predict on chr2 59877452 70126452
chr2 59877452 70126452 completed True 36/49
Predict on chr2 39845615 49999415
chr2 39845615 49999415 completed True 37/49
Predict on chr2 49896797 60000597
chr2 49896797 60000597 completed True 38/50
Predict on chr3 10000 10000200
chr3 10000 10000200 completed True 39/50
Predict on chr2 89835184 100074784
chr2 89835184 100074784 completed True 40/50
Predict on chr2 29908766 40084766
chr2 29908766 40084766 completed True 41/52
Predict on chr3 19928717 30032317
chr3 19928717 30032317 completed True 42/56
Predict on chr3 79904282 90004882
chr3 79904282 90004882 completed True 43/72
Predict on chr4 19863410 30000410
chr4 19863410 30000410 completed True 44/73
Predict on chr3 109838093 120001693
chr3 109838093 120001693 completed True 45/75
Predict on chr4 10000 10003800
chr4 10000 10003800 completed True 46/76
Predict on chr3 169901402 180008002
chr3 169901402 180008002 completed True 47/76
Predict on chr4 189854709 190204509
chr4 189854709 190204509 completed True 48/76
Predict on chr3 89853195 100012395
chr3 89853195 100012395 completed True 49/76
Predict on chr3 59879905 70000505
chr3 59879905 70000505 completed True 50/77
Predict on chr3 99791131 109999531
chr3 99791131 109999531 completed True 51/78
Predict on chr4 49907097 60002897
chr4 49907097 60002897 completed True 52/78
Predict on chr4 69808068 80017468
chr4 69808068 80017468 completed True 53/78
Predict on chr3 149915007 159999807
chr3 149915007 159999807 completed True 54/79
Predict on chr3 179856597 190014597
chr3 179856597 190014597 completed True 55/79
Predict on chr3 159883772 170007172
chr3 159883772 170007172 completed True 56/80
Predict on chr4 89851488 100001888
chr4 89851488 100001888 completed True 57/80
Predict on chr3 49887682 60005682
chr3 49887682 60005682 completed True 58/82
Predict on chr4 59891588 70004588
chr4 59891588 70004588 completed True 59/82
Predict on chr4 109847910 120002710
chr4 109847910 120002710 completed True 60/82
Predict on chr3 129896078 140004078
chr3 129896078 140004078 completed True 61/90
Predict on chr4 119883313 130009913
chr4 119883313 130009913 completed True 62/102
Predict on chr4 149908786 160001186
chr4 149908786 160001186 completed True 63/107
Predict on chr4 139926560 150006160
chr4 139926560 150006160 completed True 64/108
Predict on chr4 169861745 180007345
chr4 169861745 180007345 completed True 65/110
Predict on chr4 179899133 190000133
chr4 179899133 190000133 completed True 66/110
Predict on chr5 19910683 30000283
chr5 19910683 30000283 completed True 67/110
Predict on chr5 59889671 70010071
chr5 59889671 70010071 completed True 68/111
Predict on chr5 159891654 170012254
chr5 159891654 170012254 completed True 69/112
Predict on chr6 62464 10006664
chr6 62464 10006664 completed True 70/112
Predict on chr5 10000 10004800
chr5 10000 10004800 completed True 71/112
Predict on chr5 169879822 180001822
chr5 169879822 180001822 completed True 72/113
Predict on chr5 89852195 100002595
chr5 89852195 100002595 completed True 73/115
Predict on chr6 60229934 70005334
chr6 60229934 70005334 completed True 74/115
Predict on chr5 109871889 120017889
chr5 109871889 120017889 completed True 75/115
Predict on chr5 149896028 160012228
chr5 149896028 160012228 completed True 76/118
Predict on chr6 89890400 100124000
chr6 89890400 100124000 completed True 77/118
Predict on chr5 99879778 110002178
chr5 99879778 110002178 completed True 78/120
Predict on chr6 99845879 110004879
chr6 99845879 110004879 completed True 79/124
Predict on chr6 109879180 120000380
chr6 109879180 120000380 completed True 80/129
Predict on chr6 159851907 170000707
chr6 159851907 170000707 completed True 81/140
Predict on chr7 39860842 50000842
chr7 39860842 50000842 completed True 82/152
Predict on chrX 79882544 90002544
chrX 79882544 90002544 completed True 83/154
Predict on chrX 29895975 40003175
chrX 29895975 40003175 completed True 84/156
Predict on chr7 129870305 140002305
chr7 129870305 140002305 completed True 85/157
Predict on chrX 69845809 80087209
chrX 69845809 80087209 completed True 86/158
Predict on chrX 9891765 20049765
chrX 9891765 20049765 completed True 87/158
Predict on chrX 139910291 150001491
chrX 139910291 150001491 completed True 88/158
Predict on chr7 89813129 100002529
chr7 89813129 100002529 completed True 89/158
Predict on chrX 149942965 156030365
chrX 149942965 156030365 completed True 90/158
Predict on chr6 129855592 140013192
chr6 129855592 140013192 completed True 91/158
Predict on chr7 19878843 29999843
chr7 19878843 29999843 completed True 92/158
Predict on chr7 119878720 130010320
chr7 119878720 130010320 completed True 93/159
Predict on chr6 49858416 59829616
chr6 49858416 59829616 completed True 94/159
Predict on chr7 99895299 110066299
chr7 99895299 110066299 completed True 95/161
Predict on chr9 39884922 45518522
chr9 39884922 45518522 completed True 96/162
Predict on chr6 119922787 130134787
chr6 119922787 130134787 completed True 97/177
Predict on chr8 49886782 60004382
chr8 49886782 60004382 completed True 98/184
Predict on chr9 9866109 20000709
chr9 9866109 20000709 completed True 99/186
Predict on chr8 129876125 140006325
chr8 129876125 140006325 completed True 100/186
Predict on chr9 119901799 130001999
chr9 119901799 130001999 completed True 101/186
Predict on chr9 79888267 90001067
chr9 79888267 90001067 completed True 102/186
Predict on chr9 99882026 110001226
chr9 99882026 110001226 completed True 103/186
Predict on chr9 89857337 100060137
chr9 89857337 100060137 completed True 104/186
Predict on chr8 69855699 80001299
chr8 69855699 80001299 completed True 105/186
Predict on chr9 19895870 30001070
chr9 19895870 30001070 completed True 106/186
Predict on chr8 119882317 130000917
chr8 119882317 130000917 completed True 107/186
Predict on chrX 59973887 70003087
chrX 59973887 70003087 completed True 108/186
Predict on chr5 79874061 90002461
chr5 79874061 90002461 completed True 109/187
Predict on chr7 29827501 40019101
chr7 29827501 40019101 completed True 110/187
Predict on chr11 129890469 135076069
chr11 129890469 135076069 completed True 111/187
Predict on chr8 79926710 90004110
chr8 79926710 90004110 completed True 112/187
Predict on chr8 9844180 20070180
chr8 9844180 20070180 completed True 113/187
Predict on chr7 59981898 70002698
chr7 59981898 70002698 completed True 114/187
Predict on chr7 139919019 150015219
chr7 139919019 150015219 completed True 115/188
Predict on chr11 19903705 30000705
chr11 19903705 30000705 completed True 116/191
Predict on chr11 9861966 19999966
chr11 9861966 19999966 completed True 117/200
Predict on chr11 49891415 60007815
chr11 49891415 60007815 completed True 118/210
Predict on chr10 69884878 80015078
chr10 69884878 80015078 completed True 119/212
Predict on chr10 89859839 100007639
chr10 89859839 100007639 completed True 120/213
Predict on chr10 119895581 130078581
chr10 119895581 130078581 completed True 121/213
Predict on chr10 29918845 40000245
chr10 29918845 40000245 completed True 122/215
Predict on chr10 129933276 133787476
chr10 129933276 133787476 completed True 123/215
Predict on chr10 39935282 50008082
chr10 39935282 50008082 completed True 124/215
Predict on chr11 79876921 90008721
chr11 79876921 90008721 completed True 125/215
Predict on chr10 79877220 90077820
chr10 79877220 90077820 completed True 126/216
Predict on chr12 129893352 133265352
chr12 129893352 133265352 completed True 127/216
Predict on chr11 69901988 80033788
chr11 69901988 80033788 completed True 128/216
Predict on chr10 59842596 70007396
chr10 59842596 70007396 completed True 129/216
Predict on chr11 29865707 40017907
chr11 29865707 40017907 completed True 130/216
Predict on chr10 9871145 20002545
chr10 9871145 20002545 completed True 131/217
Predict on chr11 39869975 50016775
chr11 39869975 50016775 completed True 132/218
Predict on chr12 19878152 30005552
chr12 19878152 30005552 completed True 133/218
Predict on chr12 9896383 20052183
chr12 9896383 20052183 completed True 134/219
Predict on chr13 109901389 114353989
chr13 109901389 114353989 completed True 135/219
Predict on chr8 19873848 30002248
chr8 19873848 30002248 completed True 136/220
Predict on chr14 16023015 20013015
chr14 16023015 20013015 completed True 137/220
Predict on chr5 139888342 150004942
chr5 139888342 150004942 completed True 138/240
Predict on chr12 49816845 60072045
chr12 49816845 60072045 completed True 139/244
Predict on chr14 29928208 40001808
chr14 29928208 40001808 completed True 140/245
Predict on chr14 39835197 50002197
chr14 39835197 50002197 completed True 141/245
Predict on chr12 99889072 110002272
chr12 99889072 110002272 completed True 142/246
Predict on chr16 89904532 90227332
chr16 89904532 90227332 completed True 143/246
Predict on chr12 79828201 90009601
chr12 79828201 90009601 completed True 144/246
Predict on chr12 59898317 70034717
chr12 59898317 70034717 completed True 145/247
Predict on chr13 49886598 60073598
chr13 49886598 60073598 completed True 146/247
Predict on chr12 39866706 50002106
chr12 39866706 50002106 completed True 147/248
Predict on chr13 69840763 80000963
chr13 69840763 80000963 completed True 148/248
Predict on chr13 59890902 70022502
chr13 59890902 70022502 completed True 149/248
Predict on chr13 99845223 110004623
chr13 99845223 110004623 completed True 150/249
Predict on chr14 49890947 60010547
chr14 49890947 60010547 completed True 151/250
Predict on chr14 19785267 30056467
chr14 19785267 30056467 completed True 152/251
Predict on chr14 99863735 106883735
chr14 99863735 106883735 completed True 153/252
Predict on chr13 16000000 20005400
chr13 16000000 20005400 completed True 154/252
Predict on chr12 109877995 120001595
chr12 109877995 120001595 completed True 155/253
Predict on chr14 89898178 100044578
chr14 89898178 100044578 completed True 156/253
Predict on chr12 119819467 130018867
chr12 119819467 130018867 completed True 157/254
Predict on chr14 69779781 80043781
chr14 69779781 80043781 completed True 158/254
Predict on chr7 109862971 120001171
chr7 109862971 120001171 completed True 159/256
Predict on chr5 129842916 140002716
chr5 129842916 140002716 completed True 160/258
Predict on chr16 29888014 38280814
chr16 29888014 38280814 completed True 161/270
Predict on chr16 69906587 80011587
chr16 69906587 80011587 completed True 162/273
Predict on chr16 79875121 90007121
chr16 79875121 90007121 completed True 163/279
Predict on chr17 60000 10001600
chr17 60000 10001600 completed True 164/280
Predict on chr17 19862237 30002437
chr17 19862237 30002437 completed True 165/280
Predict on chr16 46380682 49999882
chr16 46380682 49999882 completed True 166/280
Predict on chr15 69887033 80039033
chr15 69887033 80039033 completed True 167/281
Predict on chr15 89884227 100005027
chr15 89884227 100005027 completed True 168/282
Predict on chr18 10000 10009400
chr18 10000 10009400 completed True 169/282
Predict on chr17 49863796 60030196
chr17 49863796 60030196 completed True 170/282
Predict on chr16 10000 10015200
chr16 10000 10015200 completed True 171/283
Predict on chr20 59856792 64333992
chr20 59856792 64333992 completed True 172/285
Predict on chr18 9881733 20016733
chr18 9881733 20016733 completed True 173/286
Predict on chrY 2781479 10013279
chrY 2781479 10013279 completed True 174/286
Predict on chr15 59846585 70001985
chr15 59846585 70001985 completed True 175/287
Predict on chr17 9873075 20012875
chr17 9873075 20012875 completed True 176/288
Predict on chr22 49975365 50808565
chr22 49975365 50808565 completed True 177/288
Predict on chr18 39864088 50016888
chr18 39864088 50016888 completed True 178/289
Predict on chr18 29789355 40029955
chr18 29789355 40029955 completed True 179/290
Predict on chr18 59886781 70000781
chr18 59886781 70000781 completed True 180/292
Predict on chr9 29893233 40008633
chr9 29893233 40008633 completed True 181/294
Predict on chr18 69834896 80033696
chr18 69834896 80033696 completed True 182/297
Predict on chr17_KI270729v1_random 0 281000
chr17_KI270729v1_random 0 281000 completed True 183/297
Predict on chr20 60000 10036600
chr20 60000 10036600 completed True 184/302
Predict on chr20 9910239 20022439
chr20 9910239 20022439 completed True 185/309
Predict on chr14_GL000194v1_random 0 190400
chr14_GL000194v1_random 0 190400 completed True 186/309
Predict on chrUn_KI270742v1 0 186800
chrUn_KI270742v1 0 186800 completed True 187/309
Predict on chrUn_KI270442v1 0 392200
chrUn_KI270442v1 0 392200 completed True 188/310
Predict on chr17_GL000205v2_random 0 180800
chr17_GL000205v2_random 0 180800 completed True 189/310
Predict on chr4_GL000008v2_random 0 208200
chr4_GL000008v2_random 0 208200 completed True 190/310
Predict on chr19 49879490 58607490
chr19 49879490 58607490 completed True 191/316
Predict on chrY 56673214 56888014
chrY 56673214 56888014 completed True 192/316
Predict on chr20 29884964 40003964
chr20 29884964 40003964 completed True 193/324
Predict on chr19 60000 10008400
chr19 60000 10008400 completed True 194/335
Predict on chr1_KI270712v1_random 0 172800
chr1_KI270712v1_random 0 172800 completed True 195/335
Predict on chr9_KI270719v1_random 0 176200
chr9_KI270719v1_random 0 176200 completed True 196/335
Predict on chr21 19842994 30018594
chr21 19842994 30018594 completed True 197/338
Predict on chrUn_KI270744v1 0 168000
chrUn_KI270744v1 0 168000 completed True 198/338
Predict on chrUn_GL000216v2 0 176800
chrUn_GL000216v2 0 176800 completed True 199/338
Predict on chr14_KI270725v1_random 0 171200
chr14_KI270725v1_random 0 171200 completed True 200/338
Predict on chr19 9872939 20032939
chr19 9872939 20032939 completed True 201/339
Predict on chr22 39906909 50003309
chr22 39906909 50003309 completed True 202/340
Predict on chrUn_GL000213v1 5583 163383
chrUn_GL000213v1 5583 163383 completed True 203/340
Predict on chr20 39891038 50005438
chr20 39891038 50005438 completed True 204/343
Predict on chrUn_GL000220v1 0 162000
chrUn_GL000220v1 0 162000 completed True 205/343
Predict on chr2_KI270715v1_random 0 161200
chr2_KI270715v1_random 0 161200 completed True 206/343
Predict on chr20 49850113 60003513
chr20 49850113 60003513 completed True 207/350
Predict on chr2_KI270716v1_random 0 153200
chr2_KI270716v1_random 0 153200 completed True 208/350
Predict on chrUn_KI270741v1 89 157489
chrUn_KI270741v1 89 157489 completed True 209/350
Predict on chrUn_KI270749v1 0 156600
chrUn_KI270749v1 0 156600 completed True 210/350
Predict on chr3_GL000221v1_random 0 154200
chr3_GL000221v1_random 0 154200 completed True 211/351
Predict on chr1_KI270706v1_random 0 175200
chr1_KI270706v1_random 0 175200 completed True 212/351
Predict on chrUn_KI270747v1 0 196200
chrUn_KI270747v1 0 196200 completed True 213/351
Predict on chrUn_KI270750v1 0 148400
chrUn_KI270750v1 0 148400 completed True 214/351
Predict on chr19 29885347 40002947
chr19 29885347 40002947 completed True 215/355
Predict on chr1_KI270708v1_random 0 126200
chr1_KI270708v1_random 0 126200 completed True 216/355
Predict on chrUn_GL000214v1 0 137800
chrUn_GL000214v1 0 137800 completed True 217/355
Predict on chr22 10510000 20006200
chr22 10510000 20006200 completed True 218/355
Predict on chr17_KI270730v1_random 22 112622
chr17_KI270730v1_random 22 112622 completed True 219/355
Predict on chr17 79911836 83247436
chr17 79911836 83247436 completed True 220/355
Predict on chr8 89871630 100001030
chr8 89871630 100001030 completed True 221/358
Predict on chr22_KI270737v1_random 0 102800
chr22_KI270737v1_random 0 102800 completed True 222/358
Predict on chr6 139869630 150001430
chr6 139869630 150001430 completed True 223/358
Predict on chr8 139890957 145075957
chr8 139890957 145075957 completed True 224/358
Predict on chr22_KI270733v1_random 0 179800
chr22_KI270733v1_random 0 179800 completed True 225/358
Predict on chr13 89920846 100022046
chr13 89920846 100022046 completed True 226/358
Predict on chrX 89941565 100003765
chrX 89941565 100003765 completed True 227/358
Predict on chr12 29907496 40001496
chr12 29907496 40001496 completed True 228/358
Predict on chr12 89878432 100011032
chr12 89878432 100011032 completed True 229/358
Predict on chr4 129884916 140006716
chr4 129884916 140006716 completed True 230/358
Predict on chr6 169896882 170744682
chr6 169896882 170744682 completed True 231/358
Predict on chrUn_GL000195v1 0 181200
chrUn_GL000195v1 0 181200 completed True 232/358
Predict on chr3 139892780 150000380
chr3 139892780 150000380 completed True 233/358
Predict on chr11 59851251 70014451
chr11 59851251 70014451 completed True 234/358
Predict on chr21 5010181 10024781
chr21 5010181 10024781 completed True 235/358
Predict on chr5 39885853 50056253
chr5 39885853 50056253 completed True 236/358
Predict on chr17 29853881 40021081
chr17 29853881 40021081 completed True 237/358
Predict on chr8 59872416 70010616
chr8 59872416 70010616 completed True 238/358
Predict on chrUn_KI270751v1 0 150800
chrUn_KI270751v1 0 150800 completed True 239/358
Predict on chr21 29869601 40000601
chr21 29869601 40000601 completed True 240/358
Predict on chr18 49890963 60008563
chr18 49890963 60008563 completed True 241/358
Predict on chr6 29881575 40000575
chr6 29881575 40000575 completed True 242/358
Predict on chr7 10238 10011438
chr7 10238 10011438 completed True 243/358
Predict on chr22_KI270734v1_random 343 157743
chr22_KI270734v1_random 343 157743 completed True 244/358
Predict on chr10 109885981 120006581
chr10 109885981 120006581 completed True 245/358
Predict on chr14_GL000009v2_random 0 201600
chr14_GL000009v2_random 0 201600 completed True 246/358
Predict on chr6 149876127 160005727
chr6 149876127 160005727 completed True 247/358
Predict on chr9 60518558 70001558
chr9 60518558 70001558 completed True 248/358
Predict on chr5 29862497 40009897
chr5 29862497 40009897 completed True 249/358
Predict on chr7 149915872 159335872
chr7 149915872 159335872 completed True 250/358
Predict on chr14_GL000225v1_random 0 210400
chr14_GL000225v1_random 0 210400 completed True 251/358
Predict on chr15 99876881 101981281
chr15 99876881 101981281 completed True 252/358
Predict on chrUn_GL000219v1 0 179200
chrUn_GL000219v1 0 179200 completed True 253/358
Predict on chr8 99824462 110003662
chr8 99824462 110003662 completed True 254/358
Predict on chr4 159902642 170064642
chr4 159902642 170064642 completed True 255/358
Predict on chr6 9756530 20013130
chr6 9756530 20013130 completed True 256/358
Predict on chr3 119884096 130001096
chr3 119884096 130001096 completed True 257/358
Predict on chrUn_GL000224v1 0 179600
chrUn_GL000224v1 0 179600 completed True 258/358
Predict on chr22_KI270731v1_random 15 150015
chr22_KI270731v1_random 15 150015 completed True 259/358
Predict on chrX 119854628 129999228
chrX 119854628 129999228 completed True 260/358
Predict on chrUn_KI270743v1 0 210400
chrUn_KI270743v1 0 210400 completed True 261/358
Predict on chr14 79900247 90002647
chr14 79900247 90002647 completed True 262/358
Predict on chr13 39877213 50001213
chr13 39877213 50001213 completed True 263/358
Predict on chr3 29905467 40001667
chr3 29905467 40001667 completed True 264/358
Predict on chr9 129860140 138334740
chr9 129860140 138334740 completed True 265/358
Predict on chr18 19989268 30002268
chr18 19989268 30002268 completed True 266/358
Predict on chr11 119777056 130006856
chr11 119777056 130006856 completed True 267/358
Predict on chr14_KI270722v1_random 0 194200
chr14_KI270722v1_random 0 194200 completed True 268/358
Predict on chr4 99868677 110027677
chr4 99868677 110027677 completed True 269/358
Predict on chr16 9871294 20000894
chr16 9871294 20000894 completed True 270/358
Predict on chrX 109867701 120003701
chrX 109867701 120003701 completed True 271/358
Predict on chr11 99875495 110003895
chr11 99875495 110003895 completed True 272/358
Predict on chr3 189892497 198235097
chr3 189892497 198235097 completed True 273/358
Predict on chrY 19901112 26673112
chrY 19901112 26673112 completed True 274/358
Predict on chr11 109858861 120079461
chr11 109858861 120079461 completed True 275/358
Predict on chr9 69849439 80146439
chr9 69849439 80146439 completed True 276/358
Predict on chr8 39913374 50121974
chr8 39913374 50121974 completed True 277/358
Predict on chr12 10000 10000400
chr12 10000 10000400 completed True 278/358
Predict on chr4 9880873 20003273
chr4 9880873 20003273 completed True 279/358
Predict on chr2 99844166 110063766
chr2 99844166 110063766 completed True 280/358
Predict on chr4 29925995 40005995
chr4 29925995 40005995 completed True 281/358
Predict on chr15 79868387 90090987
chr15 79868387 90090987 completed True 282/358
Predict on chrX 129871186 140019986
chrX 129871186 140019986 completed True 283/358
Predict on chrEBV 0 171800
chrEBV 0 171800 completed True 284/358
Predict on chr2 10005 10063005
chr2 10005 10063005 completed True 285/358
Predict on chr6 69888259 80037859
chr6 69888259 80037859 completed True 286/358
Predict on chr14 59892797 70010797
chr14 59892797 70010797 completed True 287/358
Predict on chr5 119884625 130111025
chr5 119884625 130111025 completed True 288/358
Predict on chr11_KI270721v1_random 0 97200
error found on  chr11_KI270721v1_random 0 97200
Predict on chr21 39908216 46700016
chr21 39908216 46700016 completed True 290/358
Predict on chr7 9926948 20012348
chr7 9926948 20012348 completed True 291/358
Predict on chr2 189882098 200007498
chr2 189882098 200007498 completed True 292/358
Predict on chrX 99891199 110043599
chrX 99891199 110043599 completed True 293/358
Predict on chr2 129870259 140056459
chr2 129870259 140056459 completed True 294/358
Predict on chr13 79883114 90059714
chr13 79883114 90059714 completed True 295/358
Predict on chr6 19830999 30000999
chr6 19830999 30000999 completed True 296/358
Predict on chr9 109897879 120000679
chr9 109897879 120000679 completed True 297/358
Predict on chr11 60372 10025972
chr11 60372 10025972 completed True 298/358
Predict on chr4 79868734 90004134
chr4 79868734 90004134 completed True 299/358
Predict on chr22 29818786 40004386
chr22 29818786 40004386 completed True 300/358
Predict on chrX 49918809 60000009
chrX 49918809 60000009 completed True 301/358
Predict on chr3 39877453 50026453
chr3 39877453 50026453 completed True 302/358
Predict on chr6 79853116 90010316
chr6 79853116 90010316 completed True 303/358
Predict on chr5 49838496 60008696
chr5 49838496 60008696 completed True 304/358
Predict on chr15 39779068 50001268
chr15 39779068 50001268 completed True 305/358
Predict on chr15 17000000 20000000
chr15 17000000 20000000 completed True 306/358
Predict on chr15 49886438 60014638
chr15 49886438 60014638 completed True 307/358
Predict on chr15 29862473 40049673
chr15 29862473 40049673 completed True 308/358
Predict on chr13 29843892 40095292
chr13 29843892 40095292 completed True 309/358
Predict on chr17 59843738 70054138
chr17 59843738 70054138 completed True 310/358
Predict on chr5 179813567 181478367
chr5 179813567 181478367 completed True 311/358
Predict on chrUn_GL000218v1 0 160200
chrUn_GL000218v1 0 160200 completed True 312/358
Predict on chr16 49872866 60006866
chr16 49872866 60006866 completed True 313/358
Predict on chr4 39861768 50043968
chr4 39861768 50043968 completed True 314/358
Predict on chr16 19881135 30006135
chr16 19881135 30006135 completed True 315/358
Predict on chrX 10000 10011600
chrX 10000 10011600 completed True 316/358
Predict on chr3 69873281 80005481
chr3 69873281 80005481 completed True 317/358
Predict on chr2 179829895 190001495
chr2 179829895 190001495 completed True 318/358
Predict on chr2 69848285 80052285
chr2 69848285 80052285 completed True 319/358
Predict on chr5 9841112 20045512
chr5 9841112 20045512 completed True 320/358
Predict on chr10 10725 10001925
chr10 10725 10001925 completed True 321/358
Predict on chr21 9868772 20100972
chr21 9868772 20100972 completed True 322/358
Predict on chr7 69870200 80000800
chr7 69870200 80000800 completed True 323/358
Predict on chr5 69907585 80007385
chr5 69907585 80007385 completed True 324/358
Predict on chrUn_KI270438v1 0 112600
chrUn_KI270438v1 0 112600 completed True 325/358
Predict on chr11 89853342 100019942
chr11 89853342 100019942 completed True 326/358
Predict on chr22_KI270736v1_random 0 182000
chr22_KI270736v1_random 0 182000 completed True 327/358
Predict on chrUn_KI270519v1 1 138001
chrUn_KI270519v1 1 138001 completed True 328/358
Predict on chr1 69830097 80004297
chr1 69830097 80004297 completed True 329/358
Predict on chr6 39847556 50000156
chr6 39847556 50000156 completed True 330/358
Predict on chr10 19825512 30015912
chr10 19825512 30015912 completed True 331/358
Predict on chr1 99858626 110001426
chr1 99858626 110001426 completed True 332/358
Predict on chr19 39877713 50004113
chr19 39877713 50004113 completed True 333/358
Predict on chr16 59839533 70008933
chr16 59839533 70008933 completed True 334/358
Predict on chr8 109866071 120002671
chr8 109866071 120002671 completed True 335/358
Predict on chr10 99860139 110008739
chr10 99860139 110008739 completed True 336/358
Predict on chr19 19888855 30002055
chr19 19888855 30002055 completed True 337/358
Predict on chr15_KI270727v1_random 0 447800
chr15_KI270727v1_random 0 447800 completed True 338/358
Predict on chrY 9905456 20007656
chrY 9905456 20007656 completed True 339/358
Predict on chr12 69913980 80025780
chr12 69913980 80025780 completed True 340/358
Predict on chr18 79899957 80263357
chr18 79899957 80263357 completed True 341/358
Predict on chr7 49849185 60016585
chr7 49849185 60016585 completed True 342/358
Predict on chr10 49896382 60052982
chr10 49896382 60052982 completed True 343/358
Predict on chr3 9873374 20005774
chr3 9873374 20005774 completed True 344/358
Predict on chr13 19838568 30003968
chr13 19838568 30003968 completed True 345/358
Predict on chr1 209877450 220012050
chr1 209877450 220012050 completed True 346/358
Predict on chr8 29904280 40005880
chr8 29904280 40005880 completed True 347/358
Predict on chr17 39850391 50013791
chr17 39850391 50013791 completed True 348/358
Predict on chr8 62059 10014859
chr8 62059 10014859 completed True 349/358
Predict on chrX 19896979 30002779
chrX 19896979 30002779 completed True 350/358
Predict on chr15 19841317 30001317
chr15 19841317 30001317 completed True 351/358
Predict on chrX 39870728 50001528
chrX 39870728 50001528 completed True 352/358
Predict on chr7 79903734 90002934
chr7 79903734 90002934 completed True 353/358
Predict on chr17 69907036 80003436
chr17 69907036 80003436 completed True 354/358
Predict on chr16_KI270728v1_random 0 1870000
chr16_KI270728v1_random 0 1870000 completed True 355/358
Predict on chr9 10000 10003200
chr9 10000 10003200 completed True 356/358
Predict on chr22 19875971 30001571
chr22 19875971 30001571 completed True 357/358
Predict on chr20 19879975 30013375
chr20 19879975 30013375 completed True 358/358
result size  70093
stop signal was recevived, the result was sended
call_sv stop
working on contig =  chrUn_KI270747v1 0 10000000
chrUn_KI270747v1:0:196200saved
working on contig =  chr14_KI270722v1_random 0 10000000
chr14_KI270722v1_random:0:194200saved
working on contig =  chr14_GL000194v1_random 0 10000000
chr14_GL000194v1_random:0:190400saved
working on contig =  chrUn_KI270742v1 0 10000000
chrUn_KI270742v1:0:186800saved
working on contig =  chr17_GL000205v2_random 0 10000000
chr17_GL000205v2_random:0:180800saved
working on contig =  chrUn_GL000195v1 0 10000000
chrUn_GL000195v1:0:181200saved
working on contig =  chr22_KI270736v1_random 0 10000000
chr22_KI270736v1_random:0:182000saved
working on contig =  chr22_KI270733v1_random 0 10000000
chr22_KI270733v1_random:0:179800saved
working on contig =  chrUn_GL000224v1 0 10000000
chrUn_GL000224v1:0:179600saved
working on contig =  chrUn_GL000219v1 0 10000000
chrUn_GL000219v1:0:179200saved
working on contig =  chr9_KI270719v1_random 0 10000000
chr9_KI270719v1_random:0:176200saved
working on contig =  chrUn_GL000216v2 0 10000000
chrUn_GL000216v2:0:176800saved
working on contig =  chr1_KI270712v1_random 0 10000000
chr1_KI270712v1_random:0:172800saved
working on contig =  chr1_KI270706v1_random 0 10000000
chr1_KI270706v1_random:0:175200saved
working on contig =  chr14_KI270725v1_random 0 10000000
chr14_KI270725v1_random:0:171200saved
working on contig =  chrEBV 0 10000000
chrEBV:0:171800saved
working on contig =  chrUn_KI270744v1 0 10000000
chrUn_KI270744v1:0:168000saved
working on contig =  chr22_KI270734v1_random 0 10000000
chr22_KI270734v1_random:343:157743saved
working on contig =  chrUn_GL000213v1 0 10000000
chrUn_GL000213v1:5583:163383saved
working on contig =  chrUn_GL000220v1 0 10000000
chrUn_GL000220v1:0:162000saved
working on contig =  chr2_KI270715v1_random 0 10000000
chr2_KI270715v1_random:0:161200saved
working on contig =  chrUn_GL000218v1 0 10000000
chrUn_GL000218v1:0:160200saved
working on contig =  chrUn_KI270749v1 0 10000000
chrUn_KI270749v1:0:156600saved
working on contig =  chrUn_KI270741v1 0 10000000
chrUn_KI270741v1:89:157489saved
working on contig =  chr3_GL000221v1_random 0 10000000
chr3_GL000221v1_random:0:154200saved
working on contig =  chr2_KI270716v1_random 0 10000000
chr2_KI270716v1_random:0:153200saved
working on contig =  chr22_KI270731v1_random 0 10000000
chr22_KI270731v1_random:15:150015saved
working on contig =  chrUn_KI270751v1 0 10000000
chrUn_KI270751v1:0:150800saved
working on contig =  chrUn_KI270750v1 0 10000000
chrUn_KI270750v1:0:148400saved
working on contig =  chrUn_KI270519v1 0 10000000
chrUn_KI270519v1:1:138001saved
working on contig =  chrUn_GL000214v1 0 10000000
chrUn_GL000214v1:0:137800saved
working on contig =  chr1_KI270708v1_random 0 10000000
chr1_KI270708v1_random:0:126200saved
working on contig =  chr17_KI270730v1_random 0 10000000
chr17_KI270730v1_random:22:112622saved
working on contig =  chrUn_KI270438v1 0 10000000
chrUn_KI270438v1:0:112600saved
working on contig =  chr22_KI270737v1_random 0 10000000
chr22_KI270737v1_random:0:102800saved
working on contig =  chr11_KI270721v1_random 0 10000000
chr11_KI270721v1_random:0:97200saved
waiting
stop signal sended to callsv
All child proccess finished, and result are received
Running Time  7659.293504238129
