res-hpc-exe104.researchlumc.nl
Running on hosts: res-hpc-exe104
Running on 1 nodes.
Running 16 tasks.
Account: div4-me
Job ID: 17069908
Job name: hg05AMnetSens
Node running script: res-hpc-exe104
optional parameter settigns:
threads 16 -step=20 
{'bamfilepath': '/exports/sascstudent/ltiling/LUMC/bamData/HG005_GRCh38_ONT-UL_UCSC_20200109.phased.filter256.md.bam', 'workdir': 'workdir/', 'outputpath': 'results/HG005_GRCh38_MAMnet_256sens.vcf', 'threads': 16, 'step': 20}
step set to  20
Process number limit to  16
WorkDir  workdir/
MINSIZE set to  10000000
working on contig =  chr1 0 10000000
working on contig =  chr1 10000000 20000000
working on contig =  chr1 20000000 30000000
working on contig =  chr1 30000000 40000000
working on contig =  chr1 40000000 50000000
working on contig =  chr1 50000000 60000000
working on contig =  chr1 60000000 70000000
working on contig =  chr1 70000000 80000000
working on contig =  chr1 80000000 90000000
working on contig =  chr1 90000000 100000000
working on contig =  chr1 100000000 110000000
working on contig =  chr1 110000000 120000000
working on contig =  chr1 120000000 130000000
working on contig =  chr1 130000000 140000000
working on contig =  chr1 140000000 150000000
working on contig =  chr1 150000000 160000000
depth =  60
working on contig =  chr1 160000000 170000000
chr1:119907030:125184630saved
working on contig =  chr1 170000000 180000000
chr1:49884984:60089784saved
chr1:69914945:80004345saved
working on contig =  chr1 180000000 190000000
working on contig =  chr1 190000000 200000000
chr1:99886724:110002124saved
chr1:89907920:100021320saved
chr1:9886851:20031051saved
chr1:10000:10017400saved
chr1:39849953:50036553saved
chr1:29918571:40000971saved
chr1:19889028:30028428saved
working on contig =  chr1 200000000 210000000
working on contig =  chr1 210000000 220000000
working on contig =  chr1 220000000 230000000
working on contig =  chr1 230000000 240000000
working on contig =  chr1 240000000 250000000
working on contig =  chr2 0 10000000
working on contig =  chr2 10000000 20000000
chr1:149911056:160035456saved
chr1:109916269:120013469saved
chr1:59925393:70002793saved
chr1:79911650:90013450saved
working on contig =  chr2 20000000 30000000
working on contig =  chr2 30000000 40000000
working on contig =  chr2 40000000 50000000
working on contig =  chr2 50000000 60000000
chr1:159899859:170025259saved
working on contig =  chr2 60000000 70000000
chr1:143184587:150044387saved
working on contig =  chr2 70000000 80000000
chr1:239910487:248946287saved
working on contig =  chr2 80000000 90000000
chr1:169918703:180062303saved
working on contig =  chr2 90000000 100000000
chr1:229897997:240000997saved
working on contig =  chr2 100000000 110000000
chr2:9887812:20083812saved
chr2:49873368:60002368saved
working on contig =  chr2 110000000 120000000
working on contig =  chr2 120000000 130000000
chr2:69911503:80040103saved
working on contig =  chr2 130000000 140000000
chr1:199877483:210051083saved
chr2:10174:10014574saved
working on contig =  chr2 140000000 150000000
working on contig =  chr2 150000000 160000000
chr1:219885872:230010872saved
working on contig =  chr2 160000000 170000000
chr2:39913817:50047617saved
chr1:179893779:190047179saved
working on contig =  chr2 170000000 180000000
working on contig =  chr2 180000000 190000000
chr2:29899165:40067565saved
working on contig =  chr2 190000000 200000000
chr2:59896921:70006321saved
chr1:209908405:220026005saved
chr1:189878550:200018350saved
chr2:19875723:30003323saved
working on contig =  chr2 200000000 210000000
working on contig =  chr2 210000000 220000000
working on contig =  chr2 220000000 230000000
working on contig =  chr2 230000000 240000000
chr2:79887444:90108644saved
working on contig =  chr2 240000000 250000000
chr2:89918403:100002603saved
working on contig =  chr3 0 10000000
chr2:99883121:110030521saved
working on contig =  chr3 10000000 20000000
chr2:239904523:242183723saved
working on contig =  chr3 20000000 30000000
chr2:109976717:120104917saved
working on contig =  chr3 30000000 40000000
chr2:119900579:130013379saved
working on contig =  chr3 40000000 50000000
chr2:219920349:230019349saved
chr2:199883103:210006703saved
chr2:229899667:240003467saved
working on contig =  chr3 50000000 60000000
working on contig =  chr3 60000000 70000000
working on contig =  chr3 70000000 80000000
chr2:129904066:140008866saved
working on contig =  chr3 80000000 90000000
chr2:209915888:220068888saved
working on contig =  chr3 90000000 100000000
chr2:139893881:150036881saved
chr2:149895767:160021767saved
chr2:169910252:180019252saved
chr2:179933212:190014412saved
working on contig =  chr3 100000000 110000000
working on contig =  chr3 110000000 120000000
working on contig =  chr3 120000000 130000000
working on contig =  chr3 130000000 140000000
chr2:159898349:170018149saved
chr2:189892002:200048402saved
working on contig =  chr3 140000000 150000000
working on contig =  chr3 150000000 160000000
chr3:10000:10009800saved
working on contig =  chr3 160000000 170000000
chr3:19874206:30031206saved
working on contig =  chr3 170000000 180000000
chr3:9894975:20024575saved
working on contig =  chr3 180000000 190000000
chr3:29916271:40098671saved
working on contig =  chr3 190000000 200000000
chr3:39857247:50002647saved
working on contig =  chr4 0 10000000
chr3:79876049:90028049saved
working on contig =  chr4 10000000 20000000
chr3:159926785:170001585saved
working on contig =  chr4 20000000 30000000
chr3:179868965:190000365saved
chr3:149902777:160031377saved
chr3:59897636:70080236saved
chr3:49903897:60002497saved
working on contig =  chr4 30000000 40000000
working on contig =  chr4 40000000 50000000
working on contig =  chr4 50000000 60000000
working on contig =  chr4 60000000 70000000
chr3:69865595:80001995saved
chr3:119891818:130019818saved
chr3:89909509:100107109saved
working on contig =  chr4 70000000 80000000
working on contig =  chr4 80000000 90000000
working on contig =  chr4 90000000 100000000
chr3:139924524:150076124saved
chr3:169906811:180030411saved
chr3:189891176:198234376saved
chr3:129907482:140032482saved
chr3:99895353:110006753saved
working on contig =  chr4 100000000 110000000
working on contig =  chr4 110000000 120000000
working on contig =  chr4 120000000 130000000
working on contig =  chr4 130000000 140000000
working on contig =  chr4 140000000 150000000
chr3:109915821:120010621saved
working on contig =  chr4 150000000 160000000
chr4:10000:10031800saved
working on contig =  chr4 160000000 170000000
chr4:49898258:60000458saved
chr4:9814750:20027750saved
working on contig =  chr4 170000000 180000000
working on contig =  chr4 180000000 190000000
chr4:19888536:30003136saved
working on contig =  chr4 190000000 200000000
chr4:109897020:120003420saved
working on contig =  chr5 0 10000000
chr4:99917159:110030759saved
working on contig =  chr5 10000000 20000000
chr4:189909203:190204603saved
working on contig =  chr5 20000000 30000000
chr4:79885843:90076243saved
chr4:29895679:40010479saved
working on contig =  chr5 30000000 40000000
working on contig =  chr5 40000000 50000000
chr4:59908394:70022994saved
chr4:149907926:160000726saved
chr4:119919437:130009037saved
chr4:159883538:170026338saved
working on contig =  chr5 50000000 60000000
working on contig =  chr5 60000000 70000000
working on contig =  chr5 70000000 80000000
working on contig =  chr5 80000000 90000000
chr4:129915224:140018024saved
chr4:139920213:150007213saved
chr4:89868080:100110080saved
chr4:69911967:80027367saved
working on contig =  chr5 90000000 100000000
working on contig =  chr5 100000000 110000000
working on contig =  chr5 110000000 120000000
working on contig =  chr5 120000000 130000000
chr4:39918316:50118116saved
working on contig =  chr5 130000000 140000000
chr4:169895220:180006420saved
working on contig =  chr5 140000000 150000000
chr4:179933633:190019433saved
working on contig =  chr5 150000000 160000000
chr5:10000:10044000saved
working on contig =  chr5 160000000 170000000
chr5:19898443:30013443saved
working on contig =  chr5 170000000 180000000
chr5:89903615:100055015saved
chr5:39905713:50059513saved
working on contig =  chr5 180000000 190000000
working on contig =  chr6 0 10000000
chr5:99868158:110004158saved
chr5:9875515:20005515saved
working on contig =  chr6 10000000 20000000
working on contig =  chr6 20000000 30000000
chr5:119909719:130059919saved
working on contig =  chr6 30000000 40000000
chr5:49901091:60070891saved
chr5:69887718:80000318saved
working on contig =  chr6 40000000 50000000
working on contig =  chr6 50000000 60000000
chr5:109921210:119999010saved
chr5:79910791:90006191saved
chr5:29889598:40016398saved
working on contig =  chr6 60000000 70000000
working on contig =  chr6 70000000 80000000
working on contig =  chr6 80000000 90000000
chr5:59894644:70002444saved
working on contig =  chr6 90000000 100000000
chr5:129852227:140030227saved
working on contig =  chr6 100000000 110000000
chr5:159872741:170024541saved
working on contig =  chr6 110000000 120000000
chr5:139871371:149999371saved
working on contig =  chr6 120000000 130000000
chr5:149911527:160019127saved
working on contig =  chr6 130000000 140000000
chr5:179834678:181478278saved
chr5:169903966:180002366saved
working on contig =  chr6 140000000 150000000
working on contig =  chr6 150000000 160000000
chr6:60229934:70003534saved
working on contig =  chr6 160000000 170000000
chr6:63155:10094555saved
chr6:129884431:140026431saved
working on contig =  chr6 170000000 180000000
working on contig =  chr7 0 10000000
chr6:109890201:120069601saved
chr6:39897324:50040324saved
working on contig =  chr7 10000000 20000000
working on contig =  chr7 20000000 30000000
chr6:149904611:160001211saved
chr6:19922877:30000677saved
working on contig =  chr7 30000000 40000000
working on contig =  chr7 40000000 50000000
chr6:29936175:40021375saved
chr6:9905714:20021914saved
chr6:79885398:90015198saved
chr6:49900121:59826921saved
chr6:119917766:130032966saved
chr6:99889469:110007469saved
working on contig =  chr7 50000000 60000000
working on contig =  chr7 60000000 70000000
working on contig =  chr7 70000000 80000000
working on contig =  chr7 80000000 90000000
working on contig =  chr7 90000000 100000000
working on contig =  chr7 100000000 110000000
chr6:89923364:100030564saved
chr6:69915934:80009534saved
working on contig =  chr7 110000000 120000000
working on contig =  chr7 120000000 130000000
chr6:139897142:150000342saved
working on contig =  chr7 130000000 140000000
chr6:169898057:170743857saved
working on contig =  chr7 140000000 150000000
chr6:159905602:170011602saved
working on contig =  chr7 150000000 160000000
chr7:10238:10034238saved
working on contig =  chrX 0 10000000
chr7:69892292:80007492saved
working on contig =  chrX 10000000 20000000
chr7:9894922:20058122saved
chr7:89891089:100040289saved
working on contig =  chrX 20000000 30000000
working on contig =  chrX 30000000 40000000
chr7:109905244:120010444saved
working on contig =  chrX 40000000 50000000
chr7:39905888:50017888saved
working on contig =  chrX 50000000 60000000
chr7:59971552:70013752saved
working on contig =  chrX 60000000 70000000
chr7:79876908:90002708saved
chr7:99877621:110010021saved
chr7:129897672:140042272saved
chr7:19918610:30034410saved
chr7:119908845:130008045saved
chr7:139911155:150015355saved
chr7:29887215:40013215saved
working on contig =  chrX 70000000 80000000
working on contig =  chrX 80000000 90000000
working on contig =  chrX 90000000 100000000
working on contig =  chrX 100000000 110000000
working on contig =  chrX 110000000 120000000
working on contig =  chrX 120000000 130000000
working on contig =  chrX 130000000 140000000
chr7:49881899:60019099saved
chr7:149896356:159335356saved
working on contig =  chrX 140000000 150000000
working on contig =  chrX 150000000 160000000
chrX:9917798:19997598saved
working on contig =  chr8 0 10000000
chrX:149905169:156030569saved
working on contig =  chr8 10000000 20000000
chrX:29918510:40004110saved
working on contig =  chr8 20000000 30000000
chrX:19930917:30038917saved
working on contig =  chr8 30000000 40000000
chrX:39899109:50007309saved
working on contig =  chr8 40000000 50000000
chrX:49902649:60007449saved
working on contig =  chr8 50000000 60000000
chrX:59964725:70017725saved
working on contig =  chr8 60000000 70000000
chrX:129945129:140019329saved
chrX:109923081:120136281saved
chrX:119922650:130009850saved
chrX:99924862:110115262saved
chrX:139887926:150066326saved
chrX:69892498:80013498saved
chrX:79888389:90050989saved
working on contig =  chr8 70000000 80000000
working on contig =  chr8 80000000 90000000
working on contig =  chr8 90000000 100000000
working on contig =  chr8 100000000 110000000
working on contig =  chr8 110000000 120000000
working on contig =  chr8 120000000 130000000
working on contig =  chr8 130000000 140000000
chrX:89919786:100005786saved
working on contig =  chr8 140000000 150000000
chr8:60000:10007400saved
working on contig =  chr9 0 10000000
chr8:9915231:20052431saved
working on contig =  chr9 10000000 20000000
chr8:139889511:145076111saved
working on contig =  chr9 20000000 30000000
chrX:10000:10012800saved
working on contig =  chr9 30000000 40000000
chr8:19871201:30097801saved
working on contig =  chr9 40000000 50000000
chr8:29898869:40069269saved
working on contig =  chr9 50000000 60000000
working on contig =  chr9 60000000 70000000
chr8:39906386:50005786saved
working on contig =  chr9 70000000 80000000
chr8:49899059:60004059saved
working on contig =  chr9 80000000 90000000
chr8:129903487:140002687saved
chr9:39885541:45518541saved
working on contig =  chr9 90000000 100000000
working on contig =  chr9 100000000 110000000
chr8:99877800:110123600saved
working on contig =  chr9 110000000 120000000
chr8:119894946:130018146saved
working on contig =  chr9 120000000 130000000
chr8:109900703:120000703saved
chr8:89917472:100011072saved
chr8:69924049:80023449saved
chr8:59900180:70010580saved
working on contig =  chr9 130000000 140000000
working on contig =  chr11 0 10000000
working on contig =  chr11 10000000 20000000
working on contig =  chr11 20000000 30000000
chr9:10000:10005400saved
chr9:9901474:20068874saved
chr8:79902694:90065894saved
working on contig =  chr11 30000000 40000000
working on contig =  chr11 40000000 50000000
working on contig =  chr11 50000000 60000000
chr9:19895900:30051700saved
working on contig =  chr11 60000000 70000000
chr9:29890769:40081769saved
working on contig =  chr11 70000000 80000000
chr9:60518558:70019558saved
working on contig =  chr11 80000000 90000000
chr9:69914222:80022622saved
working on contig =  chr11 90000000 100000000
chr9:79888212:90050812saved
working on contig =  chr11 100000000 110000000
chr9:129912690:138331890saved
working on contig =  chr11 110000000 120000000
chr9:99881836:110062636saved
working on contig =  chr11 120000000 130000000
chr11:62275:10067675saved
working on contig =  chr11 130000000 140000000
chr11:59872048:70027648saved
chr9:109902511:120060911saved
working on contig =  chr10 0 10000000
working on contig =  chr10 10000000 20000000
chr11:19908837:30015837saved
working on contig =  chr10 20000000 30000000
chr9:119909274:130039474saved
working on contig =  chr10 30000000 40000000
chr9:89871124:100003524saved
working on contig =  chr10 40000000 50000000
chr11:39897239:50034239saved
chr11:79891455:90001455saved
working on contig =  chr10 50000000 60000000
working on contig =  chr10 60000000 70000000
chr11:69917061:80037261saved
chr11:9922306:20004906saved
working on contig =  chr10 70000000 80000000
working on contig =  chr10 80000000 90000000
chr11:49876184:59999984saved
chr11:29871813:40014013saved
working on contig =  chr10 90000000 100000000
working on contig =  chr10 100000000 110000000
chr11:89828049:100001449saved
working on contig =  chr10 110000000 120000000
chr11:99888140:110003740saved
working on contig =  chr10 120000000 130000000
chr11:109881838:120004838saved
working on contig =  chr10 130000000 140000000
chr11:129892829:135076629saved
working on contig =  chr12 0 10000000
chr10:129896846:133787446saved
working on contig =  chr12 10000000 20000000
chr11:119913529:130022529saved
working on contig =  chr12 20000000 30000000
chr10:10000:10046600saved
working on contig =  chr12 30000000 40000000
chr10:9919122:20028722saved
working on contig =  chr12 40000000 50000000
chr10:79884726:90003726saved
working on contig =  chr12 50000000 60000000
chr10:19912834:30084434saved
working on contig =  chr12 60000000 70000000
chr10:29874659:40002059saved
chr10:99917778:110012778saved
working on contig =  chr12 70000000 80000000
working on contig =  chr12 80000000 90000000
chr10:69892812:80045812saved
working on contig =  chr12 90000000 100000000
chr10:59884854:70003054saved
chr10:89887225:100007625saved
working on contig =  chr12 100000000 110000000
working on contig =  chr12 110000000 120000000
chr10:49891544:60076544saved
working on contig =  chr12 120000000 130000000
chr10:119905853:130002053saved
chr10:109875021:120020421saved
chr12:9903122:20037122saved
working on contig =  chr12 130000000 140000000
working on contig =  chr13 0 10000000
working on contig =  chr13 10000000 20000000
working on contig =  chr13 20000000 30000000
chr12:19889237:30074237saved
chr12:10000:10022400saved
working on contig =  chr13 30000000 40000000
working on contig =  chr13 40000000 50000000
chr10:39946994:50050594saved
working on contig =  chr13 50000000 60000000
chr12:129892618:133265218saved
working on contig =  chr13 60000000 70000000
chr12:39894414:50030814saved
working on contig =  chr13 70000000 80000000
chr12:29914851:40003451saved
working on contig =  chr13 80000000 90000000
chr12:49878617:60027017saved
working on contig =  chr13 90000000 100000000
chr13:16000000:20047000saved
working on contig =  chr13 100000000 110000000
chr12:89911977:100035977saved
chr12:109914931:120031531saved
working on contig =  chr13 110000000 120000000
working on contig =  chr14 0 10000000
chr12:59871504:70005704saved
chr13:19886937:30024737saved
chr12:99879986:110026386saved
chr12:119928753:130004753saved
chr12:69899176:80006776saved
chr13:39892341:50099141saved
working on contig =  chr14 10000000 20000000
working on contig =  chr14 20000000 30000000
working on contig =  chr14 30000000 40000000
working on contig =  chr14 40000000 50000000
working on contig =  chr14 50000000 60000000
working on contig =  chr14 60000000 70000000
working on contig =  chr14 70000000 80000000
chr12:79900801:90116601saved
chr13:29911648:40033448saved
working on contig =  chr14 80000000 90000000
working on contig =  chr14 90000000 100000000
chr13:59891552:70058952saved
chr13:49905880:60061280saved
working on contig =  chr14 100000000 110000000
working on contig =  chr15 0 10000000
working on contig =  chr15 10000000 20000000
chr13:69930940:80007340saved
working on contig =  chr15 20000000 30000000
chr14:16023190:20003990saved
chr15:17000000:20023400saved
working on contig =  chr15 30000000 40000000
working on contig =  chr15 40000000 50000000
chr13:109889334:114354334saved
working on contig =  chr15 50000000 60000000
chr13:79903197:90055597saved
working on contig =  chr15 60000000 70000000
chr14:99924157:106883757saved
working on contig =  chr15 70000000 80000000
chr13:89875862:100059262saved
working on contig =  chr15 80000000 90000000
chr13:99891077:110004677saved
chr14:49828439:60008239saved
chr14:19879493:30028693saved
working on contig =  chr15 90000000 100000000
working on contig =  chr15 100000000 110000000
working on contig =  chr16 0 10000000
chr14:29911442:40031842saved
working on contig =  chr16 10000000 20000000
chr15:39895347:50014747saved
chr14:69900821:80000621saved
working on contig =  chr16 20000000 30000000
working on contig =  chr16 30000000 40000000
chr14:89895291:100031291saved
chr14:39905909:50030509saved
working on contig =  chr16 40000000 50000000
working on contig =  chr16 50000000 60000000
chr14:59910270:70004070saved
chr14:79887146:90000546saved
chr15:19876750:30038150saved
working on contig =  chr16 60000000 70000000
working on contig =  chr16 70000000 80000000
working on contig =  chr16 80000000 90000000
chr15:49883100:60033500saved
working on contig =  chr16 90000000 100000000
chr15:29907794:40090794saved
working on contig =  chr17 0 10000000
chr15:69912042:80072242saved
working on contig =  chr17 10000000 20000000
chr15:59873815:70005215saved
working on contig =  chr17 20000000 30000000
chr16:89917052:90228452saved
working on contig =  chr17 30000000 40000000
chr15:99883030:101981230saved
working on contig =  chr17 40000000 50000000
chr15:79897969:90019169saved
working on contig =  chr17 50000000 60000000
chr16:29897907:38280707saved
working on contig =  chr17 60000000 70000000
chr16:10000:10044800saved
working on contig =  chr17 70000000 80000000
chr17:9893226:20012026saved
working on contig =  chr17 80000000 90000000
chr17:60000:10060600saved
chr16:9910847:20003247saved
chr15:89892061:100031661saved
working on contig =  chr18 0 10000000
working on contig =  chr18 10000000 20000000
working on contig =  chr18 20000000 30000000
chr16:79878697:90051297saved
chr17:29907193:40005393saved
chr16:59888127:70030727saved
chr16:19873111:30011111saved
working on contig =  chr18 30000000 40000000
working on contig =  chr18 40000000 50000000
working on contig =  chr18 50000000 60000000
working on contig =  chr18 60000000 70000000
chr17:49885136:60013336saved
chr16:49855146:60017346saved
chr16:69914924:80079124saved
working on contig =  chr18 70000000 80000000
working on contig =  chr18 80000000 90000000
working on contig =  chr20 0 10000000
chr17:19904003:30033803saved
chr16:46380682:50026482saved
chr17:39924791:49999591saved
working on contig =  chr20 10000000 20000000
working on contig =  chr20 20000000 30000000
working on contig =  chr20 30000000 40000000
chr17:59896407:70008007saved
working on contig =  chr20 40000000 50000000
chr18:79890524:80263324saved
working on contig =  chr20 50000000 60000000
chr17:69877982:80045982saved
working on contig =  chr20 60000000 70000000
chr17:79907373:83247573saved
working on contig =  chr19 0 10000000
chr20:59894841:64331641saved
working on contig =  chr19 10000000 20000000
chr18:19980935:30005735saved
working on contig =  chr19 20000000 30000000
chr18:69922105:80008705saved
working on contig =  chr19 30000000 40000000
chr18:10000:10021600saved
chr20:60000:10034800saved
chr18:49916510:60028510saved
working on contig =  chr19 40000000 50000000
working on contig =  chr19 50000000 60000000
working on contig =  chrY 0 10000000
chr18:39931490:50011690saved
working on contig =  chrY 10000000 20000000
chr20:9902329:20085929saved
chr18:59891309:70054509saved
chr18:29875436:40017236saved
chr19:60000:10044000saved
chr20:39902897:50026297saved
working on contig =  chrY 20000000 30000000
working on contig =  chrY 30000000 40000000
working on contig =  chrY 40000000 50000000
working on contig =  chrY 50000000 60000000
working on contig =  chr22 0 10000000
chr20:49889102:60034502saved
working on contig =  chr22 10000000 20000000
working on contig =  chr22 20000000 30000000
working on contig =  chr22 30000000 40000000
working on contig =  chr22 40000000 50000000
chr20:29914656:40003856saved
chr19:9881202:20013202saved
working on contig =  chr22 50000000 60000000
working on contig =  chr21 0 10000000
chr18:9909603:20051803saved
working on contig =  chr21 10000000 20000000
chr20:19903526:30013726saved
working on contig =  chr21 20000000 30000000
chr19:19903645:30004845saved
working on contig =  chr21 30000000 40000000
chr22:49975365:50808565saved
working on contig =  chr21 40000000 50000000
chrY:19933930:26673330saved
working on contig =  chr16_KI270728v1_random 0 10000000
chrY:2781479:10009479saved
working on contig =  chr15_KI270727v1_random 0 10000000
chr15_KI270727v1_random:0:448200saved
working on contig =  chrUn_KI270442v1 0 10000000
chr16_KI270728v1_random:312:1870312saved
working on contig =  chr17_KI270729v1_random 0 10000000
chrUn_KI270442v1:0:392200saved
working on contig =  chr14_GL000225v1_random 0 10000000
chr17_KI270729v1_random:0:280600saved
working on contig =  chrUn_KI270743v1 0 10000000
chrUn_KI270743v1:21:208221saved
working on contig =  chr4_GL000008v2_random 0 10000000
chr4_GL000008v2_random:0:209000saved
working on contig =  chr14_GL000009v2_random 0 10000000
chrY:9933958:20011158saved
chr14_GL000009v2_random:0:201200saved
chrY:56673214:56888014saved
chr21:39924055:46700055saved
chr19:49907368:58607768saved
chr14_GL000225v1_random:0:210000saved
chr19:39911609:50000609saved
chr19:29846954:40031954saved
chr21:9884210:20037810saved
chr22:39883276:50074276saved
chr21:19879234:30002834saved
chr22:29881768:40022168saved
chr22:19889173:30010373saved
chr21:29895747:40028947saved
chr21:5010000:10000600saved
chr22:10510001:20034401saved
call sv start
step  20
model load complete
model_genotype loaded
Predict on chr1 49884984 60089784
chr1 49884984 60089784 completed True 1/15
Predict on chr1 69914945 80004345
chr1 69914945 80004345 completed True 2/16
Predict on chr1 109916269 120013469
chr1 109916269 120013469 completed True 3/16
Predict on chr1 149911056 160035456
chr1 149911056 160035456 completed True 4/16
Predict on chr1 19889028 30028428
chr1 19889028 30028428 completed True 5/16
Predict on chr1 10000 10017400
chr1 10000 10017400 completed True 6/16
Predict on chr1 59925393 70002793
chr1 59925393 70002793 completed True 7/16
Predict on chr1 99886724 110002124
chr1 99886724 110002124 completed True 8/32
Predict on chr2 9887812 20083812
chr2 9887812 20083812 completed True 9/32
Predict on chr2 69911503 80040103
chr2 69911503 80040103 completed True 10/32
Predict on chr2 10174 10014574
chr2 10174 10014574 completed True 11/32
Predict on chr1 219885872 230010872
chr1 219885872 230010872 completed True 12/33
Predict on chr2 39913817 50047617
chr2 39913817 50047617 completed True 13/36
Predict on chr2 29899165 40067565
chr2 29899165 40067565 completed True 14/51
Predict on chr2 219920349 230019349
chr2 219920349 230019349 completed True 15/52
Predict on chr3 19874206 30031206
chr3 19874206 30031206 completed True 16/52
Predict on chr3 9894975 20024575
chr3 9894975 20024575 completed True 17/52
Predict on chr2 199883103 210006703
chr2 199883103 210006703 completed True 18/52
Predict on chr2 229899667 240003467
chr2 229899667 240003467 completed True 19/53
Predict on chr3 29916271 40098671
chr3 29916271 40098671 completed True 20/54
Predict on chr1 159899859 170025259
chr1 159899859 170025259 completed True 21/70
Predict on chr3 189891176 198234376
chr3 189891176 198234376 completed True 22/70
Predict on chr3 159926785 170001585
chr3 159926785 170001585 completed True 23/70
Predict on chr3 99895353 110006753
chr3 99895353 110006753 completed True 24/70
Predict on chr3 59897636 70080236
chr3 59897636 70080236 completed True 25/70
Predict on chr3 69865595 80001995
chr3 69865595 80001995 completed True 26/70
Predict on chr3 79876049 90028049
chr3 79876049 90028049 completed True 27/70
Predict on chr3 119891818 130019818
chr3 119891818 130019818 completed True 28/70
Predict on chr2 19875723 30003323
chr2 19875723 30003323 completed True 29/70
Predict on chr2 209915888 220068888
chr2 209915888 220068888 completed True 30/70
Predict on chr2 79887444 90108644
chr2 79887444 90108644 completed True 31/86
Predict on chr4 89868080 100110080
chr4 89868080 100110080 completed True 32/86
Predict on chr4 29895679 40010479
chr4 29895679 40010479 completed True 33/86
Predict on chr4 9814750 20027750
chr4 9814750 20027750 completed True 34/87
Predict on chr4 79885843 90076243
chr4 79885843 90076243 completed True 35/87
Predict on chr4 119919437 130009037
chr4 119919437 130009037 completed True 36/89
Predict on chr4 49898258 60000458
chr4 49898258 60000458 completed True 37/94
Predict on chr4 179933633 190019433
chr4 179933633 190019433 completed True 38/108
Predict on chr5 69887718 80000318
chr5 69887718 80000318 completed True 39/108
Predict on chr5 79910791 90006191
chr5 79910791 90006191 completed True 40/108
Predict on chr5 139871371 149999371
chr5 139871371 149999371 completed True 41/108
Predict on chr5 129852227 140030227
chr5 129852227 140030227 completed True 42/108
Predict on chr5 149911527 160019127
chr5 149911527 160019127 completed True 43/108
Predict on chr5 39905713 50059513
chr5 39905713 50059513 completed True 44/108
Predict on chr5 169903966 180002366
chr5 169903966 180002366 completed True 45/108
Predict on chr5 89903615 100055015
chr5 89903615 100055015 completed True 46/108
Predict on chr5 119909719 130059919
chr5 119909719 130059919 completed True 47/124
Predict on chr6 69915934 80009534
chr6 69915934 80009534 completed True 48/125
Predict on chr6 9905714 20021914
chr6 9905714 20021914 completed True 49/125
Predict on chr6 89923364 100030564
chr6 89923364 100030564 completed True 50/125
Predict on chr6 139897142 150000342
chr6 139897142 150000342 completed True 51/125
Predict on chr6 49900121 59826921
chr6 49900121 59826921 completed True 52/125
Predict on chr6 99889469 110007469
chr6 99889469 110007469 completed True 53/126
Predict on chr2 179933212 190014412
chr2 179933212 190014412 completed True 54/126
Predict on chr6 159905602 170011602
chr6 159905602 170011602 completed True 55/142
Predict on chr7 139911155 150015355
chr7 139911155 150015355 completed True 56/142
Predict on chr7 29887215 40013215
chr7 29887215 40013215 completed True 57/142
Predict on chr7 69892292 80007492
chr7 69892292 80007492 completed True 58/143
Predict on chr7 99877621 110010021
chr7 99877621 110010021 completed True 59/157
Predict on chrX 139887926 150066326
chrX 139887926 150066326 completed True 60/158
Predict on chrX 59964725 70017725
chrX 59964725 70017725 completed True 61/159
Predict on chr8 9915231 20052431
chr8 9915231 20052431 completed True 62/159
Predict on chrX 89919786 100005786
chrX 89919786 100005786 completed True 63/162
Predict on chrX 149905169 156030569
chrX 149905169 156030569 completed True 64/164
Predict on chr8 29898869 40069269
chr8 29898869 40069269 completed True 65/179
Predict on chr8 39906386 50005786
chr8 39906386 50005786 completed True 66/179
Predict on chr9 10000 10005400
chr9 10000 10005400 completed True 67/179
Predict on chr7 9894922 20058122
chr7 9894922 20058122 completed True 68/179
Predict on chr8 129903487 140002687
chr8 129903487 140002687 completed True 69/180
Predict on chrX 99924862 110115262
chrX 99924862 110115262 completed True 70/180
Predict on chr7 89891089 100040289
chr7 89891089 100040289 completed True 71/180
Predict on chr7 39905888 50017888
chr7 39905888 50017888 completed True 72/187
Predict on chr9 99881836 110062636
chr9 99881836 110062636 completed True 73/198
Predict on chr11 99888140 110003740
chr11 99888140 110003740 completed True 74/198
Predict on chr9 79888212 90050812
chr9 79888212 90050812 completed True 75/199
Predict on chr11 19908837 30015837
chr11 19908837 30015837 completed True 76/200
Predict on chr11 29871813 40014013
chr11 29871813 40014013 completed True 77/201
Predict on chr11 129892829 135076629
chr11 129892829 135076629 completed True 78/201
Predict on chr9 129912690 138331890
chr9 129912690 138331890 completed True 79/216
Predict on chr10 59884854 70003054
chr10 59884854 70003054 completed True 80/216
Predict on chr10 10000 10046600
chr10 10000 10046600 completed True 81/217
Predict on chr10 39946994 50050594
chr10 39946994 50050594 completed True 82/217
Predict on chr10 9919122 20028722
chr10 9919122 20028722 completed True 83/218
Predict on chr10 29874659 40002059
chr10 29874659 40002059 completed True 84/218
Predict on chr8 49899059 60004059
chr8 49899059 60004059 completed True 85/218
Predict on chr9 39885541 45518541
chr9 39885541 45518541 completed True 86/219
Predict on chr7 19918610 30034410
chr7 19918610 30034410 completed True 87/234
Predict on chr12 89911977 100035977
chr12 89911977 100035977 completed True 88/235
Predict on chr13 69930940 80007340
chr13 69930940 80007340 completed True 89/235
Predict on chr12 119928753 130004753
chr12 119928753 130004753 completed True 90/235
Predict on chr12 49878617 60027017
chr12 49878617 60027017 completed True 91/235
Predict on chr12 99879986 110026386
chr12 99879986 110026386 completed True 92/237
Predict on chr12 59871504 70005704
chr12 59871504 70005704 completed True 93/238
Predict on chr12 69899176 80006776
chr12 69899176 80006776 completed True 94/240
Predict on chr13 39892341 50099141
chr13 39892341 50099141 completed True 95/253
Predict on chr13 99891077 110004677
chr13 99891077 110004677 completed True 96/257
Predict on chr16 89917052 90228452
chr16 89917052 90228452 completed True 97/257
Predict on chr14 69900821 80000621
chr14 69900821 80000621 completed True 98/258
Predict on chr14 79887146 90000546
chr14 79887146 90000546 completed True 99/259
Predict on chr14 39905909 50030509
chr14 39905909 50030509 completed True 100/259
Predict on chr15 79897969 90019169
chr15 79897969 90019169 completed True 101/259
Predict on chr15 19876750 30038150
chr15 19876750 30038150 completed True 102/260
Predict on chr12 29914851 40003451
chr12 29914851 40003451 completed True 103/276
Predict on chr15 89892061 100031661
chr15 89892061 100031661 completed True 104/278
Predict on chr16 49855146 60017346
chr16 49855146 60017346 completed True 105/279
Predict on chr17 19904003 30033803
chr17 19904003 30033803 completed True 106/279
Predict on chr16 79878697 90051297
chr16 79878697 90051297 completed True 107/279
Predict on chr16 59888127 70030727
chr16 59888127 70030727 completed True 108/280
Predict on chr16 29897907 38280707
chr16 29897907 38280707 completed True 109/280
Predict on chr17 29907193 40005393
chr17 29907193 40005393 completed True 110/280
Predict on chr16 10000 10044800
chr16 10000 10044800 completed True 111/296
Predict on chr18 59891309 70054509
chr18 59891309 70054509 completed True 112/297
Predict on chr19 19903645 30004845
chr19 19903645 30004845 completed True 113/298
Predict on chr20 39902897 50026297
chr20 39902897 50026297 completed True 114/298
Predict on chr20 49889102 60034502
chr20 49889102 60034502 completed True 115/300
Predict on chr18 49916510 60028510
chr18 49916510 60028510 completed True 116/304
Predict on chr15_KI270727v1_random 0 448200
chr15_KI270727v1_random 0 448200 completed True 117/304
Predict on chr16_KI270728v1_random 312 1870312
chr16_KI270728v1_random 312 1870312 completed True 118/305
Predict on chr20 9902329 20085929
chr20 9902329 20085929 completed True 119/326
Predict on chrY 56673214 56888014
chrY 56673214 56888014 completed True 120/326
Predict on chr21 39924055 46700055
chr21 39924055 46700055 completed True 121/335
Predict on chrUn_GL000216v2 0 176800
chrUn_GL000216v2 0 176800 completed True 122/336
Predict on chrUn_GL000195v1 0 181400
chrUn_GL000195v1 0 181400 completed True 123/336
Predict on chr21 9884210 20037810
chr21 9884210 20037810 completed True 124/338
Predict on chr14_GL000194v1_random 0 191600
chr14_GL000194v1_random 0 191600 completed True 125/338
Predict on chr21 29895747 40028947
chr21 29895747 40028947 completed True 126/340
Predict on chrUn_GL000213v1 292 160292
chrUn_GL000213v1 292 160292 completed True 127/341
Predict on chrUn_GL000220v1 2 161402
chrUn_GL000220v1 2 161402 completed True 128/342
Predict on chr2_KI270715v1_random 0 160600
chr2_KI270715v1_random 0 160600 completed True 129/343
Predict on chr19 29846954 40031954
chr19 29846954 40031954 completed True 130/354
Predict on chrUn_KI270751v1 908 150908
chrUn_KI270751v1 908 150908 completed True 131/354
Predict on chrUn_KI270749v1 0 157000
chrUn_KI270749v1 0 157000 completed True 132/354
Predict on chrUn_KI270747v1 0 198600
chrUn_KI270747v1 0 198600 completed True 133/354
Predict on chr19 39911609 50000609
chr19 39911609 50000609 completed True 134/358
Predict on chr14_GL000225v1_random 0 210000
chr14_GL000225v1_random 0 210000 completed True 135/358
Predict on chrUn_GL000214v1 0 137800
chrUn_GL000214v1 0 137800 completed True 136/358
Predict on chrUn_KI270742v1 0 186800
chrUn_KI270742v1 0 186800 completed True 137/358
Predict on chr22 10510001 20034401
chr22 10510001 20034401 completed True 138/358
Predict on chr21 5010000 10000600
chr21 5010000 10000600 completed True 139/358
Predict on chr20 29914656 40003856
chr20 29914656 40003856 completed True 140/358
Predict on chrUn_KI270442v1 0 392200
chrUn_KI270442v1 0 392200 completed True 141/358
Predict on chr22_KI270733v1_random 69 179669
chr22_KI270733v1_random 69 179669 completed True 142/358
Predict on chrUn_KI270741v1 0 150200
chrUn_KI270741v1 0 150200 completed True 143/358
Predict on chr13 79903197 90055597
chr13 79903197 90055597 completed True 144/358
Predict on chrX 119922650 130009850
chrX 119922650 130009850 completed True 145/358
Predict on chrUn_KI270744v1 0 166800
chrUn_KI270744v1 0 166800 completed True 146/358
Predict on chr14_KI270725v1_random 0 173000
chr14_KI270725v1_random 0 173000 completed True 147/358
Predict on chr17 69877982 80045982
chr17 69877982 80045982 completed True 148/358
Predict on chr16 19873111 30011111
chr16 19873111 30011111 completed True 149/358
Predict on chr13 29911648 40033448
chr13 29911648 40033448 completed True 150/358
Predict on chrX 109923081 120136281
chrX 109923081 120136281 completed True 151/358
Predict on chr22 29881768 40022168
chr22 29881768 40022168 completed True 152/358
Predict on chr10 119905853 130002053
chr10 119905853 130002053 completed True 153/358
Predict on chr18 19980935 30005735
chr18 19980935 30005735 completed True 154/358
Predict on chr16 9910847 20003247
chr16 9910847 20003247 completed True 155/358
Predict on chr22 39883276 50074276
chr22 39883276 50074276 completed True 156/358
Predict on chrX 10000 10012800
chrX 10000 10012800 completed True 157/358
Predict on chr22 49975365 50808565
chr22 49975365 50808565 completed True 158/358
Predict on chr20 59894841 64331641
chr20 59894841 64331641 completed True 159/358
Predict on chr15 39895347 50014747
chr15 39895347 50014747 completed True 160/358
Predict on chr10 109875021 120020421
chr10 109875021 120020421 completed True 161/358
Predict on chr10 49891544 60076544
chr10 49891544 60076544 completed True 162/358
Predict on chr22_KI270734v1_random 0 165000
chr22_KI270734v1_random 0 165000 completed True 163/358
Predict on chr13 59891552 70058952
chr13 59891552 70058952 completed True 164/358
Predict on chr15 49883100 60033500
chr15 49883100 60033500 completed True 165/358
Predict on chr12 19889237 30074237
chr12 19889237 30074237 completed True 166/358
Predict on chr17 79907373 83247573
chr17 79907373 83247573 completed True 167/358
Predict on chr11 49876184 59999984
chr11 49876184 59999984 completed True 168/358
Predict on chr11 69917061 80037261
chr11 69917061 80037261 completed True 169/358
Predict on chr17 49885136 60013336
chr17 49885136 60013336 completed True 170/358
Predict on chr8 99877800 110123600
chr8 99877800 110123600 completed True 171/358
Predict on chr7 79876908 90002708
chr7 79876908 90002708 completed True 172/358
Predict on chr11 9922306 20004906
chr11 9922306 20004906 completed True 173/358
Predict on chr7 59971552 70013752
chr7 59971552 70013752 completed True 174/358
Predict on chr14 19879493 30028693
chr14 19879493 30028693 completed True 175/358
Predict on chr13 49905880 60061280
chr13 49905880 60061280 completed True 176/358
Predict on chr1 189878550 200018350
chr1 189878550 200018350 completed True 177/358
Predict on chrX 19930917 30038917
chrX 19930917 30038917 completed True 178/358
Predict on chr4 69911967 80027367
chr4 69911967 80027367 completed True 179/358
Predict on chr10 19912834 30084434
chr10 19912834 30084434 completed True 180/358
Predict on chr15 59873815 70005215
chr15 59873815 70005215 completed True 181/358
Predict on chr2 149895767 160021767
chr2 149895767 160021767 completed True 182/358
Predict on chr1 79911650 90013450
chr1 79911650 90013450 completed True 183/358
Predict on chr15 29907794 40090794
chr15 29907794 40090794 completed True 184/358
Predict on chr6 63155 10094555
chr6 63155 10094555 completed True 185/358
Predict on chrY 19933930 26673330
chrY 19933930 26673330 completed True 186/358
Predict on chr5 29889598 40016398
chr5 29889598 40016398 completed True 187/358
Predict on chr9 29890769 40081769
chr9 29890769 40081769 completed True 188/358
Predict on chr7 149896356 159335356
chr7 149896356 159335356 completed True 189/358
Predict on chrUn_KI270519v1 2 138202
chrUn_KI270519v1 2 138202 completed True 190/358
Predict on chr13 19886937 30024737
chr13 19886937 30024737 completed True 191/358
Predict on chr2 169910252 180019252
chr2 169910252 180019252 completed True 192/358
Predict on chr13 89875862 100059262
chr13 89875862 100059262 completed True 193/358
Predict on chr4 19888536 30003136
chr4 19888536 30003136 completed True 194/358
Predict on chr17_KI270729v1_random 0 280600
chr17_KI270729v1_random 0 280600 completed True 195/358
Predict on chr4 129915224 140018024
chr4 129915224 140018024 completed True 196/358
Predict on chr2 239904523 242183723
chr2 239904523 242183723 completed True 197/358
Predict on chr1 29918571 40000971
chr1 29918571 40000971 completed True 198/358
Predict on chr9 60518558 70019558
chr9 60518558 70019558 completed True 199/358
Predict on chr17_GL000205v2_random 0 183400
chr17_GL000205v2_random 0 183400 completed True 200/358
Predict on chr7 49881899 60019099
chr7 49881899 60019099 completed True 201/358
Predict on chr20 19903526 30013726
chr20 19903526 30013726 completed True 202/358
Predict on chr17 9893226 20012026
chr17 9893226 20012026 completed True 203/358
Predict on chrX 79888389 90050989
chrX 79888389 90050989 completed True 204/358
Predict on chr1_KI270706v1_random 0 172000
chr1_KI270706v1_random 0 172000 completed True 205/358
Predict on chr6 119917766 130032966
chr6 119917766 130032966 completed True 206/358
Predict on chr2_KI270716v1_random 0 153800
chr2_KI270716v1_random 0 153800 completed True 207/358
Predict on chr4 159883538 170026338
chr4 159883538 170026338 completed True 208/358
Predict on chr12 129892618 133265218
chr12 129892618 133265218 completed True 209/358
Predict on chr6 149904611 160001211
chr6 149904611 160001211 completed True 210/358
Predict on chr6 29936175 40021375
chr6 29936175 40021375 completed True 211/358
Predict on chr5 19898443 30013443
chr5 19898443 30013443 completed True 212/358
Predict on chr2 89918403 100002603
chr2 89918403 100002603 completed True 213/358
Predict on chr15 99883030 101981230
chr15 99883030 101981230 completed True 214/358
Predict on chr17_KI270730v1_random 0 112600
chr17_KI270730v1_random 0 112600 completed True 215/358
Predict on chr8 79902694 90065894
chr8 79902694 90065894 completed True 216/358
Predict on chr18 79890524 80263324
chr18 79890524 80263324 completed True 217/358
Predict on chr11 79891455 90001455
chr11 79891455 90001455 completed True 218/358
Predict on chr5 9875515 20005515
chr5 9875515 20005515 completed True 219/358
Predict on chr3 169906811 180030411
chr3 169906811 180030411 completed True 220/358
Predict on chr5 59894644 70002444
chr5 59894644 70002444 completed True 221/358
Predict on chr11 62275 10067675
chr11 62275 10067675 completed True 222/358
Predict on chr4 10000 10031800
chr4 10000 10031800 completed True 223/358
Predict on chrUn_GL000218v1 0 160800
chrUn_GL000218v1 0 160800 completed True 224/358
Predict on chr5 159872741 170024541
chr5 159872741 170024541 completed True 225/358
Predict on chr10 129896846 133787446
chr10 129896846 133787446 completed True 226/358
Predict on chr18 39931490 50011690
chr18 39931490 50011690 completed True 227/358
Predict on chr2 139893881 150036881
chr2 139893881 150036881 completed True 228/358
Predict on chr9 119909274 130039474
chr9 119909274 130039474 completed True 229/358
Predict on chrX 69892498 80013498
chrX 69892498 80013498 completed True 230/358
Predict on chr6 19922877 30000677
chr6 19922877 30000677 completed True 231/358
Predict on chr20 60000 10034800
chr20 60000 10034800 completed True 232/358
Predict on chr2 129904066 140008866
chr2 129904066 140008866 completed True 233/358
Predict on chr19 49907368 58607768
chr19 49907368 58607768 completed True 234/358
Predict on chr2 49873368 60002368
chr2 49873368 60002368 completed True 235/358
Predict on chr1 143184587 150044387
chr1 143184587 150044387 completed True 236/358
Predict on chr3 129907482 140032482
chr3 129907482 140032482 completed True 237/358
Predict on chrUn_GL000219v1 0 179200
chrUn_GL000219v1 0 179200 completed True 238/358
Predict on chr1 229897997 240000997
chr1 229897997 240000997 completed True 239/358
Predict on chr7 129897672 140042272
chr7 129897672 140042272 completed True 240/358
Predict on chr6 129884431 140026431
chr6 129884431 140026431 completed True 241/358
Predict on chr4 59908394 70022994
chr4 59908394 70022994 completed True 242/358
Predict on chr4 109897020 120003420
chr4 109897020 120003420 completed True 243/358
Predict on chr6 169898057 170743857
chr6 169898057 170743857 completed True 244/358
Predict on chr2 109976717 120104917
chr2 109976717 120104917 completed True 245/358
Predict on chr10 99917778 110012778
chr10 99917778 110012778 completed True 246/358
Predict on chr14 16023190 20003990
chr14 16023190 20003990 completed True 247/358
Predict on chr4 139920213 150007213
chr4 139920213 150007213 completed True 248/358
Predict on chr14 29911442 40031842
chr14 29911442 40031842 completed True 249/358
Predict on chr3 89909509 100107109
chr3 89909509 100107109 completed True 250/358
Predict on chr14_KI270722v1_random 0 194200
chr14_KI270722v1_random 0 194200 completed True 251/358
Predict on chr1 169918703 180062303
chr1 169918703 180062303 completed True 252/358
Predict on chr4 169895220 180006420
chr4 169895220 180006420 completed True 253/358
Predict on chrX 129945129 140019329
chrX 129945129 140019329 completed True 254/358
Predict on chr2 99883121 110030521
chr2 99883121 110030521 completed True 255/358
Predict on chr7 109905244 120010444
chr7 109905244 120010444 completed True 256/358
Predict on chr9 69914222 80022622
chr9 69914222 80022622 completed True 257/358
Predict on chr8 119894946 130018146
chr8 119894946 130018146 completed True 258/358
Predict on chrUn_KI270750v1 0 148800
chrUn_KI270750v1 0 148800 completed True 259/358
Predict on chrUn_KI270743v1 21 208221
chrUn_KI270743v1 21 208221 completed True 260/358
Predict on chr12 10000 10022400
chr12 10000 10022400 completed True 261/358
Predict on chr11 59872048 70027648
chr11 59872048 70027648 completed True 262/358
Predict on chr8 139889511 145076111
chr8 139889511 145076111 completed True 263/358
Predict on chr5 99868158 110004158
chr5 99868158 110004158 completed True 264/358
Predict on chr6 39897324 50040324
chr6 39897324 50040324 completed True 265/358
Predict on chr18 29875436 40017236
chr18 29875436 40017236 completed True 266/358
Predict on chr8 19871201 30097801
chr8 19871201 30097801 completed True 267/358
Predict on chr2 159898349 170018149
chr2 159898349 170018149 completed True 268/358
Predict on chr10 69892812 80045812
chr10 69892812 80045812 completed True 269/358
Predict on chr18 10000 10021600
chr18 10000 10021600 completed True 270/358
Predict on chr1 39849953 50036553
chr1 39849953 50036553 completed True 271/358
Predict on chr3 109915821 120010621
chr3 109915821 120010621 completed True 272/358
Predict on chr6 109890201 120069601
chr6 109890201 120069601 completed True 273/358
Predict on chr3 139924524 150076124
chr3 139924524 150076124 completed True 274/358
Predict on chr11 109881838 120004838
chr11 109881838 120004838 completed True 275/358
Predict on chr14_GL000009v2_random 0 201200
chr14_GL000009v2_random 0 201200 completed True 276/358
Predict on chr2 59896921 70006321
chr2 59896921 70006321 completed True 277/358
Predict on chr11 39897239 50034239
chr11 39897239 50034239 completed True 278/358
Predict on chr7 119908845 130008045
chr7 119908845 130008045 completed True 279/358
Predict on chr19 9881202 20013202
chr19 9881202 20013202 completed True 280/358
Predict on chrX 29918510 40004110
chrX 29918510 40004110 completed True 281/358
Predict on chr14 49828439 60008239
chr14 49828439 60008239 completed True 282/358
Predict on chr13 16000000 20047000
chr13 16000000 20047000 completed True 283/358
Predict on chr17 39924791 49999591
chr17 39924791 49999591 completed True 284/358
Predict on chr3 10000 10009800
chr3 10000 10009800 completed True 285/358
Predict on chr2 189892002 200048402
chr2 189892002 200048402 completed True 286/358
Predict on chr6 79885398 90015198
chr6 79885398 90015198 completed True 287/358
Predict on chr4 149907926 160000726
chr4 149907926 160000726 completed True 288/358
Predict on chr1_KI270708v1_random 2692 127692
chr1_KI270708v1_random 2692 127692 completed True 289/358
Predict on chr1 239910487 248946287
chr1 239910487 248946287 completed True 290/358
Predict on chr15 17000000 20023400
chr15 17000000 20023400 completed True 291/358
Predict on chr5 49901091 60070891
chr5 49901091 60070891 completed True 292/358
Predict on chrY 9933958 20011158
chrY 9933958 20011158 completed True 293/358
Predict on chr14 99924157 106883757
chr14 99924157 106883757 completed True 294/358
Predict on chr7 10238 10034238
chr7 10238 10034238 completed True 295/358
Predict on chr3_GL000221v1_random 0 151800
chr3_GL000221v1_random 0 151800 completed True 296/358
Predict on chr1 209908405 220026005
chr1 209908405 220026005 completed True 297/358
Predict on chr22_KI270736v1_random 2 182002
chr22_KI270736v1_random 2 182002 completed True 298/358
Predict on chrY 2781479 10009479
chrY 2781479 10009479 completed True 299/358
Predict on chr12 109914931 120031531
chr12 109914931 120031531 completed True 300/358
Predict on chrUn_GL000224v1 0 179800
chrUn_GL000224v1 0 179800 completed True 301/358
Predict on chr5 10000 10044000
chr5 10000 10044000 completed True 302/358
Predict on chr16 46380682 50026482
chr16 46380682 50026482 completed True 303/358
Predict on chr11 89828049 100001449
chr11 89828049 100001449 completed True 304/358
Predict on chr3 179868965 190000365
chr3 179868965 190000365 completed True 305/358
Predict on chr1 199877483 210051083
chr1 199877483 210051083 completed True 306/358
Predict on chr17 60000 10060600
chr17 60000 10060600 completed True 307/358
Predict on chr9 19895900 30051700
chr9 19895900 30051700 completed True 308/358
Predict on chr4 189909203 190204603
chr4 189909203 190204603 completed True 309/358
Predict on chr1 89907920 100021320
chr1 89907920 100021320 completed True 310/358
Predict on chr22 19889173 30010373
chr22 19889173 30010373 completed True 311/358
Predict on chr9 89871124 100003524
chr9 89871124 100003524 completed True 312/358
Predict on chr8 109900703 120000703
chr8 109900703 120000703 completed True 313/358
Predict on chr14 89895291 100031291
chr14 89895291 100031291 completed True 314/358
Predict on chr21 19879234 30002834
chr21 19879234 30002834 completed True 315/358
Predict on chr10 79884726 90003726
chr10 79884726 90003726 completed True 316/358
Predict on chrUn_KI270438v1 0 112600
chrUn_KI270438v1 0 112600 completed True 317/358
Predict on chr17 59896407 70008007
chr17 59896407 70008007 completed True 318/358
Predict on chr3 39857247 50002647
chr3 39857247 50002647 completed True 319/358
Predict on chrEBV 0 172000
chrEBV 0 172000 completed True 320/358
Predict on chr12 79900801 90116601
chr12 79900801 90116601 completed True 321/358
Predict on chr1_KI270712v1_random 0 175600
chr1_KI270712v1_random 0 175600 completed True 322/358
Predict on chr6 60229934 70003534
chr6 60229934 70003534 completed True 323/358
Predict on chr15 69912042 80072242
chr15 69912042 80072242 completed True 324/358
Predict on chr22_KI270731v1_random 77 148477
chr22_KI270731v1_random 77 148477 completed True 325/358
Predict on chr18 9909603 20051803
chr18 9909603 20051803 completed True 326/358
Predict on chr4_GL000008v2_random 0 209000
chr4_GL000008v2_random 0 209000 completed True 327/358
Predict on chr9 9901474 20068874
chr9 9901474 20068874 completed True 328/358
Predict on chr1 179893779 190047179
chr1 179893779 190047179 completed True 329/358
Predict on chr5 179834678 181478278
chr5 179834678 181478278 completed True 330/358
Predict on chrX 9917798 19997598
chrX 9917798 19997598 completed True 331/358
Predict on chr9_KI270719v1_random 0 177000
chr9_KI270719v1_random 0 177000 completed True 332/358
Predict on chr4 39918316 50118116
chr4 39918316 50118116 completed True 333/358
Predict on chr5 109921210 119999010
chr5 109921210 119999010 completed True 334/358
Predict on chr3 49903897 60002497
chr3 49903897 60002497 completed True 335/358
Predict on chr8 60000 10007400
chr8 60000 10007400 completed True 336/358
Predict on chr11_KI270721v1_random 0 96000
chr11_KI270721v1_random 0 96000 completed True 337/358
Predict on chr16 69914924 80079124
chr16 69914924 80079124 completed True 338/358
Predict on chr11 119913529 130022529
chr11 119913529 130022529 completed True 339/358
Predict on chr2 119900579 130013379
chr2 119900579 130013379 completed True 340/358
Predict on chr8 69924049 80023449
chr8 69924049 80023449 completed True 341/358
Predict on chrX 39899109 50007309
chrX 39899109 50007309 completed True 342/358
Predict on chrX 49902649 60007449
chrX 49902649 60007449 completed True 343/358
Predict on chr9 109902511 120060911
chr9 109902511 120060911 completed True 344/358
Predict on chr13 109889334 114354334
chr13 109889334 114354334 completed True 345/358
Predict on chr10 89887225 100007625
chr10 89887225 100007625 completed True 346/358
Predict on chr1 119907030 125184630
chr1 119907030 125184630 completed True 347/358
Predict on chr4 99917159 110030759
chr4 99917159 110030759 completed True 348/358
Predict on chr22_KI270737v1_random 456 101856
chr22_KI270737v1_random 456 101856 completed True 349/358
Predict on chr14 59910270 70004070
chr14 59910270 70004070 completed True 350/358
Predict on chr8 89917472 100011072
chr8 89917472 100011072 completed True 351/358
Predict on chr3 149902777 160031377
chr3 149902777 160031377 completed True 352/358
Predict on chr12 39894414 50030814
chr12 39894414 50030814 completed True 353/358
Predict on chr18 69922105 80008705
chr18 69922105 80008705 completed True 354/358
Predict on chr1 9886851 20031051
chr1 9886851 20031051 completed True 355/358
Predict on chr12 9903122 20037122
chr12 9903122 20037122 completed True 356/358
Predict on chr8 59900180 70010580
chr8 59900180 70010580 completed True 357/358
Predict on chr19 60000 10044000
chr19 60000 10044000 completed True 358/358
result size  128159
stop signal was recevived, the result was sended
call_sv stop
working on contig =  chrUn_KI270747v1 0 10000000
chrUn_KI270747v1:0:198600saved
working on contig =  chr14_KI270722v1_random 0 10000000
chr14_KI270722v1_random:0:194200saved
working on contig =  chr14_GL000194v1_random 0 10000000
chr14_GL000194v1_random:0:191600saved
working on contig =  chrUn_KI270742v1 0 10000000
chrUn_KI270742v1:0:186800saved
working on contig =  chr17_GL000205v2_random 0 10000000
chr17_GL000205v2_random:0:183400saved
working on contig =  chrUn_GL000195v1 0 10000000
chrUn_GL000195v1:0:181400saved
working on contig =  chr22_KI270736v1_random 0 10000000
chr22_KI270736v1_random:2:182002saved
working on contig =  chr22_KI270733v1_random 0 10000000
chr22_KI270733v1_random:69:179669saved
working on contig =  chrUn_GL000224v1 0 10000000
chrUn_GL000224v1:0:179800saved
working on contig =  chrUn_GL000219v1 0 10000000
chrUn_GL000219v1:0:179200saved
working on contig =  chr9_KI270719v1_random 0 10000000
chr9_KI270719v1_random:0:177000saved
working on contig =  chrUn_GL000216v2 0 10000000
chrUn_GL000216v2:0:176800saved
working on contig =  chr1_KI270712v1_random 0 10000000
chr1_KI270712v1_random:0:175600saved
working on contig =  chr1_KI270706v1_random 0 10000000
chr1_KI270706v1_random:0:172000saved
working on contig =  chr14_KI270725v1_random 0 10000000
chr14_KI270725v1_random:0:173000saved
working on contig =  chrEBV 0 10000000
chrEBV:0:172000saved
working on contig =  chrUn_KI270744v1 0 10000000
chrUn_KI270744v1:0:166800saved
working on contig =  chr22_KI270734v1_random 0 10000000
chr22_KI270734v1_random:0:165000saved
working on contig =  chrUn_GL000213v1 0 10000000
chrUn_GL000213v1:292:160292saved
working on contig =  chrUn_GL000220v1 0 10000000
chrUn_GL000220v1:2:161402saved
working on contig =  chr2_KI270715v1_random 0 10000000
chr2_KI270715v1_random:0:160600saved
working on contig =  chrUn_GL000218v1 0 10000000
chrUn_GL000218v1:0:160800saved
working on contig =  chrUn_KI270749v1 0 10000000
chrUn_KI270749v1:0:157000saved
working on contig =  chrUn_KI270741v1 0 10000000
chrUn_KI270741v1:0:150200saved
working on contig =  chr3_GL000221v1_random 0 10000000
chr3_GL000221v1_random:0:151800saved
working on contig =  chr2_KI270716v1_random 0 10000000
chr2_KI270716v1_random:0:153800saved
working on contig =  chr22_KI270731v1_random 0 10000000
chr22_KI270731v1_random:77:148477saved
working on contig =  chrUn_KI270751v1 0 10000000
chrUn_KI270751v1:908:150908saved
working on contig =  chrUn_KI270750v1 0 10000000
chrUn_KI270750v1:0:148800saved
working on contig =  chrUn_KI270519v1 0 10000000
chrUn_KI270519v1:2:138202saved
working on contig =  chrUn_GL000214v1 0 10000000
chrUn_GL000214v1:0:137800saved
working on contig =  chr1_KI270708v1_random 0 10000000
chr1_KI270708v1_random:2692:127692saved
working on contig =  chr17_KI270730v1_random 0 10000000
chr17_KI270730v1_random:0:112600saved
working on contig =  chrUn_KI270438v1 0 10000000
chrUn_KI270438v1:0:112600saved
working on contig =  chr22_KI270737v1_random 0 10000000
chr22_KI270737v1_random:456:101856saved
working on contig =  chr11_KI270721v1_random 0 10000000
chr11_KI270721v1_random:0:96000saved
waiting
stop signal sended to callsv
All child proccess finished, and result are received
Running Time  10627.056939840317
